
*** Running vivado
    with args -log floating_point_1.vds -m64 -product Vivado -mode batch -messageDb vivado.pb -notrace -source floating_point_1.tcl

WARNING: Default location for XILINX_HLS not found

****** Vivado v2022.2 (64-bit)
  **** SW Build 3671981 on Fri Oct 14 04:59:54 MDT 2022
  **** IP Build 3669848 on Fri Oct 14 08:30:02 MDT 2022
    ** Copyright 1986-2022 Xilinx, Inc. All Rights Reserved.

source floating_point_1.tcl -notrace
create_project: Time (s): cpu = 00:00:05 ; elapsed = 00:00:05 . Memory (MB): peak = 1320.293 ; gain = 0.023 ; free physical = 1718 ; free virtual = 5115
INFO: [IP_Flow 19-6924] IPCACHE: Running cache check for IP inst: floating_point_1
Command: synth_design -top floating_point_1 -part xc7z020clg484-1 -incremental_mode off -mode out_of_context
Starting synth_design
Attempting to get a license for feature 'Synthesis' and/or device 'xc7z020'
INFO: [Common 17-349] Got license for feature 'Synthesis' and/or device 'xc7z020'
INFO: [Device 21-403] Loading part xc7z020clg484-1
INFO: [Synth 8-7079] Multithreading enabled for synth_design using a maximum of 4 processes.
INFO: [Synth 8-7078] Launching helper process for spawning children vivado processes
INFO: [Synth 8-7075] Helper process launched with PID 55048
INFO: [Synth 8-11241] undeclared symbol 'REGCCE', assumed default net type 'wire' [/tools/Xilinx/Vivado/2022.2/data/verilog/src/unimacro/BRAM_SINGLE_MACRO.v:2170]
---------------------------------------------------------------------------------
Starting RTL Elaboration : Time (s): cpu = 00:00:06 ; elapsed = 00:00:06 . Memory (MB): peak = 1968.477 ; gain = 371.738 ; free physical = 1787 ; free virtual = 5243
Synthesis current peak Physical Memory [PSS] (MB): peak = 1533.669; parent = 1286.545; children = 247.124
Synthesis current peak Virtual Memory [VSS] (MB): peak = 2971.273; parent = 1971.449; children = 999.824
---------------------------------------------------------------------------------
INFO: [Synth 8-6157] synthesizing module 'floating_point_1' [/home/angelonutu/Desktop/Vivado/master/master.gen/sources_1/ip/floating_point_1/synth/floating_point_1.v:53]
INFO: [Synth 8-6157] synthesizing module 'LUT1' [/tools/Xilinx/Vivado/2022.2/scripts/rt/data/unisim_comp.v:78971]
INFO: [Synth 8-6155] done synthesizing module 'LUT1' (0#1) [/tools/Xilinx/Vivado/2022.2/scripts/rt/data/unisim_comp.v:78971]
INFO: [Synth 8-6155] done synthesizing module 'floating_point_1' (0#1) [/home/angelonutu/Desktop/Vivado/master/master.gen/sources_1/ip/floating_point_1/synth/floating_point_1.v:53]
WARNING: [Synth 8-7129] Port CLK in module xbip_pipe_v3_0_6_viv__parameterized1 is either unconnected or has no load
WARNING: [Synth 8-7129] Port CE in module xbip_pipe_v3_0_6_viv__parameterized1 is either unconnected or has no load
WARNING: [Synth 8-7129] Port SCLR in module xbip_pipe_v3_0_6_viv__parameterized1 is either unconnected or has no load
WARNING: [Synth 8-7129] Port SSET in module xbip_pipe_v3_0_6_viv__parameterized1 is either unconnected or has no load
WARNING: [Synth 8-7129] Port SINIT in module xbip_pipe_v3_0_6_viv__parameterized1 is either unconnected or has no load
WARNING: [Synth 8-7129] Port CLK in module xbip_pipe_v3_0_6_viv__parameterized125 is either unconnected or has no load
WARNING: [Synth 8-7129] Port CE in module xbip_pipe_v3_0_6_viv__parameterized125 is either unconnected or has no load
WARNING: [Synth 8-7129] Port SCLR in module xbip_pipe_v3_0_6_viv__parameterized125 is either unconnected or has no load
WARNING: [Synth 8-7129] Port SSET in module xbip_pipe_v3_0_6_viv__parameterized125 is either unconnected or has no load
WARNING: [Synth 8-7129] Port SINIT in module xbip_pipe_v3_0_6_viv__parameterized125 is either unconnected or has no load
WARNING: [Synth 8-7129] Port SCLR in module xbip_pipe_v3_0_6_viv__parameterized23 is either unconnected or has no load
WARNING: [Synth 8-7129] Port SSET in module xbip_pipe_v3_0_6_viv__parameterized23 is either unconnected or has no load
WARNING: [Synth 8-7129] Port SINIT in module xbip_pipe_v3_0_6_viv__parameterized23 is either unconnected or has no load
WARNING: [Synth 8-7129] Port DEC_OP_STATE[11] in module flt_dec_op is either unconnected or has no load
WARNING: [Synth 8-7129] Port DEC_OP_STATE[10] in module flt_dec_op is either unconnected or has no load
WARNING: [Synth 8-7129] Port DEC_OP_STATE[9] in module flt_dec_op is either unconnected or has no load
WARNING: [Synth 8-7129] Port DEC_OP_STATE[8] in module flt_dec_op is either unconnected or has no load
WARNING: [Synth 8-7129] Port DIVIDE_BY_ZERO_IN in module flt_dec_op is either unconnected or has no load
WARNING: [Synth 8-7129] Port SCLR in module xbip_pipe_v3_0_6_viv__parameterized5 is either unconnected or has no load
WARNING: [Synth 8-7129] Port SSET in module xbip_pipe_v3_0_6_viv__parameterized5 is either unconnected or has no load
WARNING: [Synth 8-7129] Port SINIT in module xbip_pipe_v3_0_6_viv__parameterized5 is either unconnected or has no load
WARNING: [Synth 8-7129] Port SCLR in module xbip_pipe_v3_0_6_viv__parameterized79 is either unconnected or has no load
WARNING: [Synth 8-7129] Port SSET in module xbip_pipe_v3_0_6_viv__parameterized79 is either unconnected or has no load
WARNING: [Synth 8-7129] Port SINIT in module xbip_pipe_v3_0_6_viv__parameterized79 is either unconnected or has no load
WARNING: [Synth 8-7129] Port SCLR in module xbip_pipe_v3_0_6_viv__parameterized35 is either unconnected or has no load
WARNING: [Synth 8-7129] Port SSET in module xbip_pipe_v3_0_6_viv__parameterized35 is either unconnected or has no load
WARNING: [Synth 8-7129] Port SINIT in module xbip_pipe_v3_0_6_viv__parameterized35 is either unconnected or has no load
WARNING: [Synth 8-7129] Port SCLR in module xbip_pipe_v3_0_6_viv__parameterized123 is either unconnected or has no load
WARNING: [Synth 8-7129] Port SSET in module xbip_pipe_v3_0_6_viv__parameterized123 is either unconnected or has no load
WARNING: [Synth 8-7129] Port SINIT in module xbip_pipe_v3_0_6_viv__parameterized123 is either unconnected or has no load
WARNING: [Synth 8-7129] Port CLK in module xbip_pipe_v3_0_6_viv__parameterized121 is either unconnected or has no load
WARNING: [Synth 8-7129] Port CE in module xbip_pipe_v3_0_6_viv__parameterized121 is either unconnected or has no load
WARNING: [Synth 8-7129] Port SCLR in module xbip_pipe_v3_0_6_viv__parameterized121 is either unconnected or has no load
WARNING: [Synth 8-7129] Port SSET in module xbip_pipe_v3_0_6_viv__parameterized121 is either unconnected or has no load
WARNING: [Synth 8-7129] Port SINIT in module xbip_pipe_v3_0_6_viv__parameterized121 is either unconnected or has no load
WARNING: [Synth 8-7129] Port CARRYS_OUT[6] in module carry_chain__parameterized11 is either unconnected or has no load
WARNING: [Synth 8-7129] Port CARRYS_OUT[5] in module carry_chain__parameterized11 is either unconnected or has no load
WARNING: [Synth 8-7129] Port CARRYS_OUT[4] in module carry_chain__parameterized11 is either unconnected or has no load
WARNING: [Synth 8-7129] Port CARRYS_OUT[3] in module carry_chain__parameterized11 is either unconnected or has no load
WARNING: [Synth 8-7129] Port CARRYS_OUT[2] in module carry_chain__parameterized11 is either unconnected or has no load
WARNING: [Synth 8-7129] Port CARRYS_OUT[1] in module carry_chain__parameterized11 is either unconnected or has no load
WARNING: [Synth 8-7129] Port CARRYS_OUT[0] in module carry_chain__parameterized11 is either unconnected or has no load
WARNING: [Synth 8-7129] Port CARRYS_OUT[0] in module compare_eq_im__parameterized1 is either unconnected or has no load
WARNING: [Synth 8-7129] Port A[56] in module special_detect__parameterized0 is either unconnected or has no load
WARNING: [Synth 8-7129] Port SCLR in module xbip_pipe_v3_0_6_viv__parameterized113 is either unconnected or has no load
WARNING: [Synth 8-7129] Port SSET in module xbip_pipe_v3_0_6_viv__parameterized113 is either unconnected or has no load
WARNING: [Synth 8-7129] Port SINIT in module xbip_pipe_v3_0_6_viv__parameterized113 is either unconnected or has no load
WARNING: [Synth 8-7129] Port SCLR in module xbip_pipe_v3_0_6_viv__parameterized111 is either unconnected or has no load
WARNING: [Synth 8-7129] Port SSET in module xbip_pipe_v3_0_6_viv__parameterized111 is either unconnected or has no load
WARNING: [Synth 8-7129] Port SINIT in module xbip_pipe_v3_0_6_viv__parameterized111 is either unconnected or has no load
WARNING: [Synth 8-7129] Port SCLR in module xbip_pipe_v3_0_6_viv__parameterized101 is either unconnected or has no load
WARNING: [Synth 8-7129] Port SSET in module xbip_pipe_v3_0_6_viv__parameterized101 is either unconnected or has no load
WARNING: [Synth 8-7129] Port SINIT in module xbip_pipe_v3_0_6_viv__parameterized101 is either unconnected or has no load
WARNING: [Synth 8-7129] Port CLK in module xbip_pipe_v3_0_6_viv__parameterized109 is either unconnected or has no load
WARNING: [Synth 8-7129] Port CE in module xbip_pipe_v3_0_6_viv__parameterized109 is either unconnected or has no load
WARNING: [Synth 8-7129] Port SCLR in module xbip_pipe_v3_0_6_viv__parameterized109 is either unconnected or has no load
WARNING: [Synth 8-7129] Port SSET in module xbip_pipe_v3_0_6_viv__parameterized109 is either unconnected or has no load
WARNING: [Synth 8-7129] Port SINIT in module xbip_pipe_v3_0_6_viv__parameterized109 is either unconnected or has no load
WARNING: [Synth 8-7129] Port B[9] in module carry_chain__parameterized10 is either unconnected or has no load
WARNING: [Synth 8-7129] Port SCLR in module xbip_pipe_v3_0_6_viv__parameterized119 is either unconnected or has no load
WARNING: [Synth 8-7129] Port SSET in module xbip_pipe_v3_0_6_viv__parameterized119 is either unconnected or has no load
WARNING: [Synth 8-7129] Port SINIT in module xbip_pipe_v3_0_6_viv__parameterized119 is either unconnected or has no load
WARNING: [Synth 8-7129] Port SCLR in module xbip_pipe_v3_0_6_viv__parameterized83 is either unconnected or has no load
WARNING: [Synth 8-7129] Port SSET in module xbip_pipe_v3_0_6_viv__parameterized83 is either unconnected or has no load
WARNING: [Synth 8-7129] Port SINIT in module xbip_pipe_v3_0_6_viv__parameterized83 is either unconnected or has no load
WARNING: [Synth 8-7129] Port SCLR in module xbip_pipe_v3_0_6_viv__parameterized41 is either unconnected or has no load
WARNING: [Synth 8-7129] Port SSET in module xbip_pipe_v3_0_6_viv__parameterized41 is either unconnected or has no load
WARNING: [Synth 8-7129] Port SINIT in module xbip_pipe_v3_0_6_viv__parameterized41 is either unconnected or has no load
WARNING: [Synth 8-7129] Port SCLR in module xbip_pipe_v3_0_6_viv__parameterized117 is either unconnected or has no load
WARNING: [Synth 8-7129] Port SSET in module xbip_pipe_v3_0_6_viv__parameterized117 is either unconnected or has no load
WARNING: [Synth 8-7129] Port SINIT in module xbip_pipe_v3_0_6_viv__parameterized117 is either unconnected or has no load
WARNING: [Synth 8-7129] Port SCLR in module xbip_pipe_v3_0_6_viv__parameterized49 is either unconnected or has no load
WARNING: [Synth 8-7129] Port SSET in module xbip_pipe_v3_0_6_viv__parameterized49 is either unconnected or has no load
WARNING: [Synth 8-7129] Port SINIT in module xbip_pipe_v3_0_6_viv__parameterized49 is either unconnected or has no load
WARNING: [Synth 8-7129] Port SCLR in module xbip_pipe_v3_0_6_viv__parameterized99 is either unconnected or has no load
WARNING: [Synth 8-7129] Port SSET in module xbip_pipe_v3_0_6_viv__parameterized99 is either unconnected or has no load
WARNING: [Synth 8-7129] Port SINIT in module xbip_pipe_v3_0_6_viv__parameterized99 is either unconnected or has no load
WARNING: [Synth 8-7129] Port SCLR in module xbip_pipe_v3_0_6_viv__parameterized115 is either unconnected or has no load
WARNING: [Synth 8-7129] Port SSET in module xbip_pipe_v3_0_6_viv__parameterized115 is either unconnected or has no load
WARNING: [Synth 8-7129] Port SINIT in module xbip_pipe_v3_0_6_viv__parameterized115 is either unconnected or has no load
WARNING: [Synth 8-7129] Port SCLR in module xbip_pipe_v3_0_6_viv__parameterized107 is either unconnected or has no load
WARNING: [Synth 8-7129] Port SSET in module xbip_pipe_v3_0_6_viv__parameterized107 is either unconnected or has no load
WARNING: [Synth 8-7129] Port SINIT in module xbip_pipe_v3_0_6_viv__parameterized107 is either unconnected or has no load
WARNING: [Synth 8-7129] Port SCLR in module xbip_pipe_v3_0_6_viv__parameterized105 is either unconnected or has no load
WARNING: [Synth 8-7129] Port SSET in module xbip_pipe_v3_0_6_viv__parameterized105 is either unconnected or has no load
WARNING: [Synth 8-7129] Port SINIT in module xbip_pipe_v3_0_6_viv__parameterized105 is either unconnected or has no load
WARNING: [Synth 8-7129] Port SCLR in module xbip_pipe_v3_0_6_viv__parameterized103 is either unconnected or has no load
WARNING: [Synth 8-7129] Port SSET in module xbip_pipe_v3_0_6_viv__parameterized103 is either unconnected or has no load
WARNING: [Synth 8-7129] Port SINIT in module xbip_pipe_v3_0_6_viv__parameterized103 is either unconnected or has no load
WARNING: [Synth 8-7129] Port B[9] in module carry_chain__parameterized9 is either unconnected or has no load
WARNING: [Synth 8-7129] Port SCLR in module xbip_pipe_v3_0_6_viv__parameterized11 is either unconnected or has no load
WARNING: [Synth 8-7129] Port SSET in module xbip_pipe_v3_0_6_viv__parameterized11 is either unconnected or has no load
WARNING: [Synth 8-7129] Port SINIT in module xbip_pipe_v3_0_6_viv__parameterized11 is either unconnected or has no load
WARNING: [Synth 8-7129] Port CLK in module xbip_pipe_v3_0_6_viv__parameterized97 is either unconnected or has no load
WARNING: [Synth 8-7129] Port CE in module xbip_pipe_v3_0_6_viv__parameterized97 is either unconnected or has no load
WARNING: [Synth 8-7129] Port SCLR in module xbip_pipe_v3_0_6_viv__parameterized97 is either unconnected or has no load
WARNING: [Synth 8-7129] Port SSET in module xbip_pipe_v3_0_6_viv__parameterized97 is either unconnected or has no load
WARNING: [Synth 8-7129] Port SINIT in module xbip_pipe_v3_0_6_viv__parameterized97 is either unconnected or has no load
WARNING: [Synth 8-7129] Port CARRYS_OUT[27] in module carry_chain__parameterized8 is either unconnected or has no load
WARNING: [Synth 8-7129] Port CARRYS_OUT[26] in module carry_chain__parameterized8 is either unconnected or has no load
INFO: [Common 17-14] Message 'Synth 8-7129' appears 100 times and further instances of the messages will be disabled. Use the Tcl command set_msg_config to change the current settings.
---------------------------------------------------------------------------------
Finished RTL Elaboration : Time (s): cpu = 00:00:13 ; elapsed = 00:00:15 . Memory (MB): peak = 2148.414 ; gain = 551.676 ; free physical = 1813 ; free virtual = 5268
Synthesis current peak Physical Memory [PSS] (MB): peak = 1704.075; parent = 1456.992; children = 247.124
Synthesis current peak Virtual Memory [VSS] (MB): peak = 3148.242; parent = 2148.418; children = 999.824
---------------------------------------------------------------------------------
---------------------------------------------------------------------------------
Start Handling Custom Attributes
---------------------------------------------------------------------------------
---------------------------------------------------------------------------------
Finished Handling Custom Attributes : Time (s): cpu = 00:00:14 ; elapsed = 00:00:15 . Memory (MB): peak = 2166.227 ; gain = 569.488 ; free physical = 1813 ; free virtual = 5269
Synthesis current peak Physical Memory [PSS] (MB): peak = 1704.075; parent = 1456.992; children = 247.124
Synthesis current peak Virtual Memory [VSS] (MB): peak = 3166.055; parent = 2166.230; children = 999.824
---------------------------------------------------------------------------------
---------------------------------------------------------------------------------
Finished RTL Optimization Phase 1 : Time (s): cpu = 00:00:14 ; elapsed = 00:00:15 . Memory (MB): peak = 2166.227 ; gain = 569.488 ; free physical = 1813 ; free virtual = 5269
Synthesis current peak Physical Memory [PSS] (MB): peak = 1704.075; parent = 1456.992; children = 247.124
Synthesis current peak Virtual Memory [VSS] (MB): peak = 3166.055; parent = 2166.230; children = 999.824
---------------------------------------------------------------------------------
Netlist sorting complete. Time (s): cpu = 00:00:00.05 ; elapsed = 00:00:00.04 . Memory (MB): peak = 2172.164 ; gain = 0.000 ; free physical = 1810 ; free virtual = 5266
INFO: [Netlist 29-17] Analyzing 220 Unisim elements for replacement
INFO: [Netlist 29-28] Unisim Transformation completed in 0 CPU seconds
INFO: [Project 1-570] Preparing netlist for logic optimization

Processing XDC Constraints
Initializing timing engine
Parsing XDC File [/home/angelonutu/Desktop/Vivado/master/master.gen/sources_1/ip/floating_point_1/floating_point_1_ooc.xdc] for cell 'inst'
Finished Parsing XDC File [/home/angelonutu/Desktop/Vivado/master/master.gen/sources_1/ip/floating_point_1/floating_point_1_ooc.xdc] for cell 'inst'
Parsing XDC File [/home/angelonutu/Desktop/Vivado/master/master.runs/floating_point_1_synth_1/dont_touch.xdc]
Finished Parsing XDC File [/home/angelonutu/Desktop/Vivado/master/master.runs/floating_point_1_synth_1/dont_touch.xdc]
Completed Processing XDC Constraints

Netlist sorting complete. Time (s): cpu = 00:00:00 ; elapsed = 00:00:00 . Memory (MB): peak = 2250.070 ; gain = 0.000 ; free physical = 1746 ; free virtual = 5202
INFO: [Project 1-111] Unisim Transformation Summary:
  A total of 35 instances were transformed.
  FDE => FDRE: 35 instances

Constraint Validation Runtime : Time (s): cpu = 00:00:00.08 ; elapsed = 00:00:00.05 . Memory (MB): peak = 2250.070 ; gain = 0.000 ; free physical = 1746 ; free virtual = 5202
INFO: [Designutils 20-5008] Incremental synthesis strategy off
INFO: [Synth 8-11241] undeclared symbol 'REGCCE', assumed default net type 'wire' [/tools/Xilinx/Vivado/2022.2/data/verilog/src/unimacro/BRAM_SINGLE_MACRO.v:2170]
---------------------------------------------------------------------------------
Finished Constraint Validation : Time (s): cpu = 00:00:22 ; elapsed = 00:00:23 . Memory (MB): peak = 2250.070 ; gain = 653.332 ; free physical = 1853 ; free virtual = 5269
Synthesis current peak Physical Memory [PSS] (MB): peak = 1704.075; parent = 1456.992; children = 247.124
Synthesis current peak Virtual Memory [VSS] (MB): peak = 3217.883; parent = 2218.059; children = 999.824
---------------------------------------------------------------------------------
---------------------------------------------------------------------------------
Start Loading Part and Timing Information
---------------------------------------------------------------------------------
Loading part: xc7z020clg484-1
---------------------------------------------------------------------------------
Finished Loading Part and Timing Information : Time (s): cpu = 00:00:22 ; elapsed = 00:00:23 . Memory (MB): peak = 2250.070 ; gain = 653.332 ; free physical = 1853 ; free virtual = 5269
Synthesis current peak Physical Memory [PSS] (MB): peak = 1704.075; parent = 1456.992; children = 247.124
Synthesis current peak Virtual Memory [VSS] (MB): peak = 3217.883; parent = 2218.059; children = 999.824
---------------------------------------------------------------------------------
---------------------------------------------------------------------------------
Start Applying 'set_property' XDC Constraints
---------------------------------------------------------------------------------
Applied set_property KEEP_HIERARCHY = SOFT for inst. (constraint file  /home/angelonutu/Desktop/Vivado/master/master.runs/floating_point_1_synth_1/dont_touch.xdc, line 9).
---------------------------------------------------------------------------------
Finished applying 'set_property' XDC Constraints : Time (s): cpu = 00:00:22 ; elapsed = 00:00:23 . Memory (MB): peak = 2250.070 ; gain = 653.332 ; free physical = 1853 ; free virtual = 5269
Synthesis current peak Physical Memory [PSS] (MB): peak = 1704.075; parent = 1456.992; children = 247.124
Synthesis current peak Virtual Memory [VSS] (MB): peak = 3217.883; parent = 2218.059; children = 999.824
---------------------------------------------------------------------------------
---------------------------------------------------------------------------------
Finished RTL Optimization Phase 2 : Time (s): cpu = 00:00:23 ; elapsed = 00:00:25 . Memory (MB): peak = 2250.070 ; gain = 653.332 ; free physical = 1818 ; free virtual = 5230
Synthesis current peak Physical Memory [PSS] (MB): peak = 1704.075; parent = 1456.992; children = 247.124
Synthesis current peak Virtual Memory [VSS] (MB): peak = 3217.883; parent = 2218.059; children = 999.824
---------------------------------------------------------------------------------
INFO: [Synth 8-223] decloning instance 'inst/i_synth/DELAY_DIVIDE_BY_ZERO' (delay__parameterized25) to 'inst/i_synth/DELAY_ACCUM_OVERFLOW'
INFO: [Synth 8-223] decloning instance 'inst/i_synth/DELAY_DIVIDE_BY_ZERO' (delay__parameterized25) to 'inst/i_synth/DELAY_ACCUM_INPUT_OVERFLOW'
---------------------------------------------------------------------------------
Start RTL Component Statistics 
---------------------------------------------------------------------------------
---------------------------------------------------------------------------------
Finished RTL Component Statistics 
---------------------------------------------------------------------------------
---------------------------------------------------------------------------------
Start Part Resource Summary
---------------------------------------------------------------------------------
Part Resources:
DSPs: 220 (col length:60)
BRAMs: 280 (col length: RAMB18 60 RAMB36 30)
---------------------------------------------------------------------------------
Finished Part Resource Summary
---------------------------------------------------------------------------------
---------------------------------------------------------------------------------
Start Cross Boundary and Area Optimization
---------------------------------------------------------------------------------
WARNING: [Synth 8-7080] Parallel synthesis criteria is not met
INFO: [Synth 8-3332] Sequential element (FMA_OP.OP/addsub/add/EXP/bma_exp_cc/CARRYS_Q_DEL.FAST_DEL.CARRY_FD) is unused and will be removed from module floating_point_v7_1_15_viv.
---------------------------------------------------------------------------------
Finished Cross Boundary and Area Optimization : Time (s): cpu = 00:00:27 ; elapsed = 00:00:29 . Memory (MB): peak = 2250.070 ; gain = 653.332 ; free physical = 1833 ; free virtual = 5251
Synthesis current peak Physical Memory [PSS] (MB): peak = 1704.075; parent = 1456.992; children = 247.124
Synthesis current peak Virtual Memory [VSS] (MB): peak = 3217.883; parent = 2218.059; children = 999.824
---------------------------------------------------------------------------------
---------------------------------------------------------------------------------
Start Applying XDC Timing Constraints
---------------------------------------------------------------------------------
---------------------------------------------------------------------------------
Finished Applying XDC Timing Constraints : Time (s): cpu = 00:00:33 ; elapsed = 00:00:36 . Memory (MB): peak = 2250.070 ; gain = 653.332 ; free physical = 1681 ; free virtual = 5101
Synthesis current peak Physical Memory [PSS] (MB): peak = 1704.075; parent = 1456.992; children = 247.124
Synthesis current peak Virtual Memory [VSS] (MB): peak = 3217.883; parent = 2218.059; children = 999.824
---------------------------------------------------------------------------------
---------------------------------------------------------------------------------
Start Timing Optimization
---------------------------------------------------------------------------------
---------------------------------------------------------------------------------
Finished Timing Optimization : Time (s): cpu = 00:00:34 ; elapsed = 00:00:36 . Memory (MB): peak = 2250.070 ; gain = 653.332 ; free physical = 1670 ; free virtual = 5090
Synthesis current peak Physical Memory [PSS] (MB): peak = 1704.075; parent = 1456.992; children = 247.124
Synthesis current peak Virtual Memory [VSS] (MB): peak = 3217.883; parent = 2218.059; children = 999.824
---------------------------------------------------------------------------------
---------------------------------------------------------------------------------
Start Technology Mapping
---------------------------------------------------------------------------------
---------------------------------------------------------------------------------
Finished Technology Mapping : Time (s): cpu = 00:00:34 ; elapsed = 00:00:37 . Memory (MB): peak = 2250.070 ; gain = 653.332 ; free physical = 1647 ; free virtual = 5094
Synthesis current peak Physical Memory [PSS] (MB): peak = 1704.075; parent = 1456.992; children = 247.124
Synthesis current peak Virtual Memory [VSS] (MB): peak = 3217.883; parent = 2218.059; children = 999.824
---------------------------------------------------------------------------------
---------------------------------------------------------------------------------
Start IO Insertion
---------------------------------------------------------------------------------
---------------------------------------------------------------------------------
Start Flattening Before IO Insertion
---------------------------------------------------------------------------------
---------------------------------------------------------------------------------
Finished Flattening Before IO Insertion
---------------------------------------------------------------------------------
---------------------------------------------------------------------------------
Start Final Netlist Cleanup
---------------------------------------------------------------------------------
---------------------------------------------------------------------------------
Finished Final Netlist Cleanup
---------------------------------------------------------------------------------
---------------------------------------------------------------------------------
Finished IO Insertion : Time (s): cpu = 00:00:39 ; elapsed = 00:00:42 . Memory (MB): peak = 2250.070 ; gain = 653.332 ; free physical = 1661 ; free virtual = 5083
Synthesis current peak Physical Memory [PSS] (MB): peak = 1704.075; parent = 1456.992; children = 247.124
Synthesis current peak Virtual Memory [VSS] (MB): peak = 3217.883; parent = 2218.059; children = 999.824
---------------------------------------------------------------------------------
---------------------------------------------------------------------------------
Start Renaming Generated Instances
---------------------------------------------------------------------------------
---------------------------------------------------------------------------------
Finished Renaming Generated Instances : Time (s): cpu = 00:00:39 ; elapsed = 00:00:42 . Memory (MB): peak = 2250.070 ; gain = 653.332 ; free physical = 1661 ; free virtual = 5083
Synthesis current peak Physical Memory [PSS] (MB): peak = 1704.075; parent = 1456.992; children = 247.124
Synthesis current peak Virtual Memory [VSS] (MB): peak = 3217.883; parent = 2218.059; children = 999.824
---------------------------------------------------------------------------------
---------------------------------------------------------------------------------
Start Rebuilding User Hierarchy
---------------------------------------------------------------------------------
---------------------------------------------------------------------------------
Finished Rebuilding User Hierarchy : Time (s): cpu = 00:00:40 ; elapsed = 00:00:42 . Memory (MB): peak = 2250.070 ; gain = 653.332 ; free physical = 1662 ; free virtual = 5084
Synthesis current peak Physical Memory [PSS] (MB): peak = 1704.075; parent = 1456.992; children = 247.124
Synthesis current peak Virtual Memory [VSS] (MB): peak = 3217.883; parent = 2218.059; children = 999.824
---------------------------------------------------------------------------------
---------------------------------------------------------------------------------
Start Renaming Generated Ports
---------------------------------------------------------------------------------
---------------------------------------------------------------------------------
Finished Renaming Generated Ports : Time (s): cpu = 00:00:40 ; elapsed = 00:00:43 . Memory (MB): peak = 2250.070 ; gain = 653.332 ; free physical = 1662 ; free virtual = 5084
Synthesis current peak Physical Memory [PSS] (MB): peak = 1704.075; parent = 1456.992; children = 247.124
Synthesis current peak Virtual Memory [VSS] (MB): peak = 3217.883; parent = 2218.059; children = 999.824
---------------------------------------------------------------------------------
---------------------------------------------------------------------------------
Start Handling Custom Attributes
---------------------------------------------------------------------------------
---------------------------------------------------------------------------------
Finished Handling Custom Attributes : Time (s): cpu = 00:00:40 ; elapsed = 00:00:43 . Memory (MB): peak = 2250.070 ; gain = 653.332 ; free physical = 1662 ; free virtual = 5084
Synthesis current peak Physical Memory [PSS] (MB): peak = 1704.075; parent = 1456.992; children = 247.124
Synthesis current peak Virtual Memory [VSS] (MB): peak = 3217.883; parent = 2218.059; children = 999.824
---------------------------------------------------------------------------------
---------------------------------------------------------------------------------
Start Renaming Generated Nets
---------------------------------------------------------------------------------
---------------------------------------------------------------------------------
Finished Renaming Generated Nets : Time (s): cpu = 00:00:40 ; elapsed = 00:00:43 . Memory (MB): peak = 2250.070 ; gain = 653.332 ; free physical = 1662 ; free virtual = 5084
Synthesis current peak Physical Memory [PSS] (MB): peak = 1704.075; parent = 1456.992; children = 247.124
Synthesis current peak Virtual Memory [VSS] (MB): peak = 3217.883; parent = 2218.059; children = 999.824
---------------------------------------------------------------------------------
---------------------------------------------------------------------------------
Start Writing Synthesis Report
---------------------------------------------------------------------------------

DSP Final Report (the ' indicates corresponding REG is set)
+--------------------------------+-----------------------+--------+--------+--------+--------+--------+------+------+------+------+-------+------+------+
|Module Name                     | DSP Mapping           | A Size | B Size | C Size | D Size | P Size | AREG | BREG | CREG | DREG | ADREG | MREG | PREG | 
+--------------------------------+-----------------------+--------+--------+--------+--------+--------+------+------+------+------+-------+------+------+
|dsp48e1_wrapper                 | Dynamic               | -      | -      | -      | -      | 48     | -    | -    | -    | -    | -     | 0    | 1    | 
|dsp48e1_wrapper__parameterized0 | (C'+A:B')'            | 0      | 2      | 25     | -      | 48     | 0    | 1    | 1    | -    | -     | 0    | 1    | 
|dsp                             | (C+(A'*B')')'         | 24     | 17     | 0      | -      | 17     | 1    | 1    | 1    | -    | -     | 1    | 1    | 
|dsp                             | (PCIN>>17+(A'*B'')')' | 0      | 7      | -      | -      | 43     | 1    | 2    | -    | -    | -     | 1    | 1    | 
+--------------------------------+-----------------------+--------+--------+--------+--------+--------+------+------+------+------+-------+------+------+


Report BlackBoxes: 
+-+--------------+----------+
| |BlackBox name |Instances |
+-+--------------+----------+
+-+--------------+----------+

Report Cell Usage: 
+------+--------+------+
|      |Cell    |Count |
+------+--------+------+
|1     |CARRY4  |     7|
|2     |DSP48E1 |     4|
|6     |LUT1    |    10|
|7     |LUT2    |    92|
|8     |LUT3    |   191|
|9     |LUT4    |   161|
|10    |LUT5    |    95|
|11    |LUT6    |   259|
|12    |MUXCY   |   148|
|13    |MUXF7   |     9|
|14    |MUXF8   |     1|
|15    |SRL16E  |    55|
|16    |SRLC32E |     1|
|17    |XORCY   |    29|
|18    |FDE     |    34|
|19    |FDRE    |  1082|
+------+--------+------+
---------------------------------------------------------------------------------
Finished Writing Synthesis Report : Time (s): cpu = 00:00:40 ; elapsed = 00:00:43 . Memory (MB): peak = 2250.070 ; gain = 653.332 ; free physical = 1662 ; free virtual = 5084
Synthesis current peak Physical Memory [PSS] (MB): peak = 1704.075; parent = 1456.992; children = 247.124
Synthesis current peak Virtual Memory [VSS] (MB): peak = 3217.883; parent = 2218.059; children = 999.824
---------------------------------------------------------------------------------
Synthesis finished with 0 errors, 0 critical warnings and 79 warnings.
Synthesis Optimization Runtime : Time (s): cpu = 00:00:37 ; elapsed = 00:00:40 . Memory (MB): peak = 2250.070 ; gain = 569.488 ; free physical = 1762 ; free virtual = 5152
Synthesis Optimization Complete : Time (s): cpu = 00:00:40 ; elapsed = 00:00:43 . Memory (MB): peak = 2250.070 ; gain = 653.332 ; free physical = 1762 ; free virtual = 5152
INFO: [Project 1-571] Translating synthesized netlist
Netlist sorting complete. Time (s): cpu = 00:00:00.04 ; elapsed = 00:00:00.04 . Memory (MB): peak = 2250.070 ; gain = 0.000 ; free physical = 1878 ; free virtual = 5269
INFO: [Netlist 29-17] Analyzing 232 Unisim elements for replacement
INFO: [Netlist 29-28] Unisim Transformation completed in 0 CPU seconds
INFO: [Project 1-570] Preparing netlist for logic optimization
INFO: [Opt 31-138] Pushed 0 inverter(s) to 0 load pin(s).
Netlist sorting complete. Time (s): cpu = 00:00:00 ; elapsed = 00:00:00 . Memory (MB): peak = 2250.070 ; gain = 0.000 ; free physical = 1814 ; free virtual = 5205
INFO: [Project 1-111] Unisim Transformation Summary:
  A total of 78 instances were transformed.
  (MUXCY,XORCY) => CARRY4: 44 instances
  FDE => FDRE: 34 instances

Synth Design complete, checksum: d14e1b08
INFO: [Common 17-83] Releasing license: Synthesis
28 Infos, 101 Warnings, 0 Critical Warnings and 0 Errors encountered.
synth_design completed successfully
synth_design: Time (s): cpu = 00:00:49 ; elapsed = 00:00:49 . Memory (MB): peak = 2250.070 ; gain = 929.777 ; free physical = 2033 ; free virtual = 5423
INFO: [Common 17-1381] The checkpoint '/home/angelonutu/Desktop/Vivado/master/master.runs/floating_point_1_synth_1/floating_point_1.dcp' has been generated.
INFO: [Coretcl 2-1648] Added synthesis output to IP cache for IP floating_point_1, cache-ID = 5d3b546928adcc95
INFO: [Coretcl 2-1174] Renamed 283 cell refs.
INFO: [Common 17-1381] The checkpoint '/home/angelonutu/Desktop/Vivado/master/master.runs/floating_point_1_synth_1/floating_point_1.dcp' has been generated.
INFO: [runtcl-4] Executing : report_utilization -file floating_point_1_utilization_synth.rpt -pb floating_point_1_utilization_synth.pb
INFO: [Common 17-206] Exiting Vivado at Wed Mar 13 09:13:22 2024...
