
*** Running vivado
    with args -log cordic_0.vds -m64 -product Vivado -mode batch -messageDb vivado.pb -notrace -source cordic_0.tcl



****** Vivado v2022.2 (64-bit)
  **** SW Build 3671981 on Fri Oct 14 05:00:03 MDT 2022
  **** IP Build 3669848 on Fri Oct 14 08:30:02 MDT 2022
    ** Copyright 1986-2022 Xilinx, Inc. All Rights Reserved.

source cordic_0.tcl -notrace
create_project: Time (s): cpu = 00:00:05 ; elapsed = 00:00:06 . Memory (MB): peak = 1039.902 ; gain = 155.305
INFO: [IP_Flow 19-6924] IPCACHE: Running cache check for IP inst: cordic_0
Command: synth_design -top cordic_0 -part xc7z020clg484-1 -incremental_mode off -mode out_of_context
Starting synth_design
Attempting to get a license for feature 'Synthesis' and/or device 'xc7z020'
INFO: [Common 17-349] Got license for feature 'Synthesis' and/or device 'xc7z020'
INFO: [Device 21-403] Loading part xc7z020clg484-1
INFO: [Synth 8-7079] Multithreading enabled for synth_design using a maximum of 2 processes.
INFO: [Synth 8-7078] Launching helper process for spawning children vivado processes
INFO: [Synth 8-7075] Helper process launched with PID 23068
INFO: [Synth 8-11241] undeclared symbol 'REGCCE', assumed default net type 'wire' [C:/Xilinx/Vivado/2022.2/data/verilog/src/unimacro/BRAM_SINGLE_MACRO.v:2170]
---------------------------------------------------------------------------------
Starting RTL Elaboration : Time (s): cpu = 00:00:08 ; elapsed = 00:00:09 . Memory (MB): peak = 1885.859 ; gain = 407.980
---------------------------------------------------------------------------------
INFO: [Synth 8-638] synthesizing module 'cordic_0' [c:/Users/aless/OneDrive/Documenti/GitHub/Progetto-FInale-ADA/cordic_atan/cordic_atan.gen/sources_1/ip/cordic_0/synth/cordic_0.vhd:69]
	Parameter C_ARCHITECTURE bound to: 2 - type: integer 
	Parameter C_CORDIC_FUNCTION bound to: 3 - type: integer 
	Parameter C_COARSE_ROTATE bound to: 1 - type: integer 
	Parameter C_DATA_FORMAT bound to: 0 - type: integer 
	Parameter C_XDEVICEFAMILY bound to: zynq - type: string 
	Parameter C_HAS_ACLKEN bound to: 0 - type: integer 
	Parameter C_HAS_ACLK bound to: 1 - type: integer 
	Parameter C_HAS_S_AXIS_CARTESIAN bound to: 1 - type: integer 
	Parameter C_HAS_S_AXIS_PHASE bound to: 0 - type: integer 
	Parameter C_HAS_ARESETN bound to: 0 - type: integer 
	Parameter C_INPUT_WIDTH bound to: 16 - type: integer 
	Parameter C_ITERATIONS bound to: 0 - type: integer 
	Parameter C_OUTPUT_WIDTH bound to: 16 - type: integer 
	Parameter C_PHASE_FORMAT bound to: 1 - type: integer 
	Parameter C_PIPELINE_MODE bound to: -1 - type: integer 
	Parameter C_PRECISION bound to: 0 - type: integer 
	Parameter C_ROUND_MODE bound to: 0 - type: integer 
	Parameter C_SCALE_COMP bound to: 0 - type: integer 
	Parameter C_THROTTLE_SCHEME bound to: 3 - type: integer 
	Parameter C_TLAST_RESOLUTION bound to: 0 - type: integer 
	Parameter C_HAS_S_AXIS_PHASE_TUSER bound to: 0 - type: integer 
	Parameter C_HAS_S_AXIS_PHASE_TLAST bound to: 0 - type: integer 
	Parameter C_S_AXIS_PHASE_TDATA_WIDTH bound to: 16 - type: integer 
	Parameter C_S_AXIS_PHASE_TUSER_WIDTH bound to: 1 - type: integer 
	Parameter C_HAS_S_AXIS_CARTESIAN_TUSER bound to: 0 - type: integer 
	Parameter C_HAS_S_AXIS_CARTESIAN_TLAST bound to: 0 - type: integer 
	Parameter C_S_AXIS_CARTESIAN_TDATA_WIDTH bound to: 32 - type: integer 
	Parameter C_S_AXIS_CARTESIAN_TUSER_WIDTH bound to: 1 - type: integer 
	Parameter C_M_AXIS_DOUT_TDATA_WIDTH bound to: 16 - type: integer 
	Parameter C_M_AXIS_DOUT_TUSER_WIDTH bound to: 1 - type: integer 
INFO: [Synth 8-3491] module 'cordic_v6_0_18' declared at 'c:/Users/aless/OneDrive/Documenti/GitHub/Progetto-FInale-ADA/cordic_atan/cordic_atan.gen/sources_1/ip/cordic_0/hdl/cordic_v6_0_vh_rfs.vhd:10135' bound to instance 'U0' of component 'cordic_v6_0_18' [c:/Users/aless/OneDrive/Documenti/GitHub/Progetto-FInale-ADA/cordic_atan/cordic_atan.gen/sources_1/ip/cordic_0/synth/cordic_0.vhd:144]
INFO: [Synth 8-256] done synthesizing module 'cordic_0' (0#1) [c:/Users/aless/OneDrive/Documenti/GitHub/Progetto-FInale-ADA/cordic_atan/cordic_atan.gen/sources_1/ip/cordic_0/synth/cordic_0.vhd:69]
WARNING: [Synth 8-7129] Port round_in[3] in module cordic_round is either unconnected or has no load
WARNING: [Synth 8-7129] Port round_in[2] in module cordic_round is either unconnected or has no load
WARNING: [Synth 8-7129] Port round_in[1] in module cordic_round is either unconnected or has no load
WARNING: [Synth 8-7129] Port round_in[0] in module cordic_round is either unconnected or has no load
WARNING: [Synth 8-7129] Port SCLR in module delay_bit is either unconnected or has no load
WARNING: [Synth 8-7129] Port CE in module c_reg_fd_v12_0_6_viv__parameterized2 is either unconnected or has no load
WARNING: [Synth 8-7129] Port AINIT in module c_reg_fd_v12_0_6_viv__parameterized2 is either unconnected or has no load
WARNING: [Synth 8-7129] Port ACLR in module c_reg_fd_v12_0_6_viv__parameterized2 is either unconnected or has no load
WARNING: [Synth 8-7129] Port ASET in module c_reg_fd_v12_0_6_viv__parameterized2 is either unconnected or has no load
WARNING: [Synth 8-7129] Port SINIT in module c_reg_fd_v12_0_6_viv__parameterized2 is either unconnected or has no load
WARNING: [Synth 8-7129] Port SCLR in module c_reg_fd_v12_0_6_viv__parameterized2 is either unconnected or has no load
WARNING: [Synth 8-7129] Port SSET in module c_reg_fd_v12_0_6_viv__parameterized2 is either unconnected or has no load
WARNING: [Synth 8-7129] Port c_in in module c_addsub_v12_0_14_lut6_legacy__parameterized3 is either unconnected or has no load
WARNING: [Synth 8-7129] Port ce in module c_addsub_v12_0_14_lut6_legacy__parameterized3 is either unconnected or has no load
WARNING: [Synth 8-7129] Port bypass in module c_addsub_v12_0_14_lut6_legacy__parameterized3 is either unconnected or has no load
WARNING: [Synth 8-7129] Port sclr in module c_addsub_v12_0_14_lut6_legacy__parameterized3 is either unconnected or has no load
WARNING: [Synth 8-7129] Port sset in module c_addsub_v12_0_14_lut6_legacy__parameterized3 is either unconnected or has no load
WARNING: [Synth 8-7129] Port sinit in module c_addsub_v12_0_14_lut6_legacy__parameterized3 is either unconnected or has no load
WARNING: [Synth 8-7129] Port c_in in module c_addsub_v12_0_14_legacy__parameterized3 is either unconnected or has no load
WARNING: [Synth 8-7129] Port b_in in module c_addsub_v12_0_14_legacy__parameterized3 is either unconnected or has no load
WARNING: [Synth 8-7129] Port a_signed in module c_addsub_v12_0_14_legacy__parameterized3 is either unconnected or has no load
WARNING: [Synth 8-7129] Port b_signed in module c_addsub_v12_0_14_legacy__parameterized3 is either unconnected or has no load
WARNING: [Synth 8-7129] Port C_IN in module c_addsub_v12_0_14_viv__parameterized3 is either unconnected or has no load
WARNING: [Synth 8-7129] Port WE in module delay_bit__parameterized3 is either unconnected or has no load
WARNING: [Synth 8-7129] Port CE in module delay_bit__parameterized3 is either unconnected or has no load
WARNING: [Synth 8-7129] Port SCLR in module delay_bit__parameterized3 is either unconnected or has no load
WARNING: [Synth 8-7129] Port CLK in module delay_bit__parameterized3 is either unconnected or has no load
WARNING: [Synth 8-7129] Port data_x_in[19] in module cordic_out_config is either unconnected or has no load
WARNING: [Synth 8-7129] Port data_x_in[18] in module cordic_out_config is either unconnected or has no load
WARNING: [Synth 8-7129] Port data_x_in[17] in module cordic_out_config is either unconnected or has no load
WARNING: [Synth 8-7129] Port data_x_in[16] in module cordic_out_config is either unconnected or has no load
WARNING: [Synth 8-7129] Port data_x_in[15] in module cordic_out_config is either unconnected or has no load
WARNING: [Synth 8-7129] Port data_x_in[14] in module cordic_out_config is either unconnected or has no load
WARNING: [Synth 8-7129] Port data_x_in[13] in module cordic_out_config is either unconnected or has no load
WARNING: [Synth 8-7129] Port data_x_in[12] in module cordic_out_config is either unconnected or has no load
WARNING: [Synth 8-7129] Port data_x_in[11] in module cordic_out_config is either unconnected or has no load
WARNING: [Synth 8-7129] Port data_x_in[10] in module cordic_out_config is either unconnected or has no load
WARNING: [Synth 8-7129] Port data_x_in[9] in module cordic_out_config is either unconnected or has no load
WARNING: [Synth 8-7129] Port data_x_in[8] in module cordic_out_config is either unconnected or has no load
WARNING: [Synth 8-7129] Port data_x_in[7] in module cordic_out_config is either unconnected or has no load
WARNING: [Synth 8-7129] Port data_x_in[6] in module cordic_out_config is either unconnected or has no load
WARNING: [Synth 8-7129] Port data_x_in[5] in module cordic_out_config is either unconnected or has no load
WARNING: [Synth 8-7129] Port data_x_in[4] in module cordic_out_config is either unconnected or has no load
WARNING: [Synth 8-7129] Port data_x_in[3] in module cordic_out_config is either unconnected or has no load
WARNING: [Synth 8-7129] Port data_x_in[2] in module cordic_out_config is either unconnected or has no load
WARNING: [Synth 8-7129] Port data_x_in[1] in module cordic_out_config is either unconnected or has no load
WARNING: [Synth 8-7129] Port data_x_in[0] in module cordic_out_config is either unconnected or has no load
WARNING: [Synth 8-7129] Port data_y_in[19] in module cordic_out_config is either unconnected or has no load
WARNING: [Synth 8-7129] Port data_y_in[18] in module cordic_out_config is either unconnected or has no load
WARNING: [Synth 8-7129] Port data_y_in[17] in module cordic_out_config is either unconnected or has no load
WARNING: [Synth 8-7129] Port data_y_in[16] in module cordic_out_config is either unconnected or has no load
WARNING: [Synth 8-7129] Port data_y_in[15] in module cordic_out_config is either unconnected or has no load
WARNING: [Synth 8-7129] Port data_y_in[14] in module cordic_out_config is either unconnected or has no load
WARNING: [Synth 8-7129] Port data_y_in[13] in module cordic_out_config is either unconnected or has no load
WARNING: [Synth 8-7129] Port data_y_in[12] in module cordic_out_config is either unconnected or has no load
WARNING: [Synth 8-7129] Port data_y_in[11] in module cordic_out_config is either unconnected or has no load
WARNING: [Synth 8-7129] Port data_y_in[10] in module cordic_out_config is either unconnected or has no load
WARNING: [Synth 8-7129] Port data_y_in[9] in module cordic_out_config is either unconnected or has no load
WARNING: [Synth 8-7129] Port data_y_in[8] in module cordic_out_config is either unconnected or has no load
WARNING: [Synth 8-7129] Port data_y_in[7] in module cordic_out_config is either unconnected or has no load
WARNING: [Synth 8-7129] Port data_y_in[6] in module cordic_out_config is either unconnected or has no load
WARNING: [Synth 8-7129] Port data_y_in[5] in module cordic_out_config is either unconnected or has no load
WARNING: [Synth 8-7129] Port data_y_in[4] in module cordic_out_config is either unconnected or has no load
WARNING: [Synth 8-7129] Port data_y_in[3] in module cordic_out_config is either unconnected or has no load
WARNING: [Synth 8-7129] Port data_y_in[2] in module cordic_out_config is either unconnected or has no load
WARNING: [Synth 8-7129] Port data_y_in[1] in module cordic_out_config is either unconnected or has no load
WARNING: [Synth 8-7129] Port data_y_in[0] in module cordic_out_config is either unconnected or has no load
WARNING: [Synth 8-7129] Port aclr in module cordic_out_config is either unconnected or has no load
WARNING: [Synth 8-7129] Port aclr in module cordic_ctrl_slice_par is either unconnected or has no load
WARNING: [Synth 8-7129] Port nd_in in module cordic_eng is either unconnected or has no load
WARNING: [Synth 8-7129] Port CE in module c_reg_fd_v12_0_6_viv is either unconnected or has no load
WARNING: [Synth 8-7129] Port AINIT in module c_reg_fd_v12_0_6_viv is either unconnected or has no load
WARNING: [Synth 8-7129] Port ACLR in module c_reg_fd_v12_0_6_viv is either unconnected or has no load
WARNING: [Synth 8-7129] Port ASET in module c_reg_fd_v12_0_6_viv is either unconnected or has no load
WARNING: [Synth 8-7129] Port SINIT in module c_reg_fd_v12_0_6_viv is either unconnected or has no load
WARNING: [Synth 8-7129] Port SCLR in module c_reg_fd_v12_0_6_viv is either unconnected or has no load
WARNING: [Synth 8-7129] Port SSET in module c_reg_fd_v12_0_6_viv is either unconnected or has no load
WARNING: [Synth 8-7129] Port add in module c_addsub_v12_0_14_lut6_legacy__parameterized1 is either unconnected or has no load
WARNING: [Synth 8-7129] Port c_in in module c_addsub_v12_0_14_lut6_legacy__parameterized1 is either unconnected or has no load
WARNING: [Synth 8-7129] Port ce in module c_addsub_v12_0_14_lut6_legacy__parameterized1 is either unconnected or has no load
WARNING: [Synth 8-7129] Port bypass in module c_addsub_v12_0_14_lut6_legacy__parameterized1 is either unconnected or has no load
WARNING: [Synth 8-7129] Port sclr in module c_addsub_v12_0_14_lut6_legacy__parameterized1 is either unconnected or has no load
WARNING: [Synth 8-7129] Port sset in module c_addsub_v12_0_14_lut6_legacy__parameterized1 is either unconnected or has no load
WARNING: [Synth 8-7129] Port sinit in module c_addsub_v12_0_14_lut6_legacy__parameterized1 is either unconnected or has no load
WARNING: [Synth 8-7129] Port c_in in module c_addsub_v12_0_14_legacy__parameterized1 is either unconnected or has no load
WARNING: [Synth 8-7129] Port b_in in module c_addsub_v12_0_14_legacy__parameterized1 is either unconnected or has no load
WARNING: [Synth 8-7129] Port a_signed in module c_addsub_v12_0_14_legacy__parameterized1 is either unconnected or has no load
WARNING: [Synth 8-7129] Port b_signed in module c_addsub_v12_0_14_legacy__parameterized1 is either unconnected or has no load
WARNING: [Synth 8-7129] Port C_IN in module c_addsub_v12_0_14_viv__parameterized1 is either unconnected or has no load
WARNING: [Synth 8-7129] Port add in module c_addsub_v12_0_14_lut6_legacy is either unconnected or has no load
WARNING: [Synth 8-7129] Port c_in in module c_addsub_v12_0_14_lut6_legacy is either unconnected or has no load
WARNING: [Synth 8-7129] Port ce in module c_addsub_v12_0_14_lut6_legacy is either unconnected or has no load
WARNING: [Synth 8-7129] Port bypass in module c_addsub_v12_0_14_lut6_legacy is either unconnected or has no load
WARNING: [Synth 8-7129] Port sclr in module c_addsub_v12_0_14_lut6_legacy is either unconnected or has no load
WARNING: [Synth 8-7129] Port sset in module c_addsub_v12_0_14_lut6_legacy is either unconnected or has no load
WARNING: [Synth 8-7129] Port sinit in module c_addsub_v12_0_14_lut6_legacy is either unconnected or has no load
WARNING: [Synth 8-7129] Port c_in in module c_addsub_v12_0_14_legacy is either unconnected or has no load
WARNING: [Synth 8-7129] Port b_in in module c_addsub_v12_0_14_legacy is either unconnected or has no load
WARNING: [Synth 8-7129] Port a_signed in module c_addsub_v12_0_14_legacy is either unconnected or has no load
WARNING: [Synth 8-7129] Port b_signed in module c_addsub_v12_0_14_legacy is either unconnected or has no load
INFO: [Common 17-14] Message 'Synth 8-7129' appears 100 times and further instances of the messages will be disabled. Use the Tcl command set_msg_config to change the current settings.
---------------------------------------------------------------------------------
Finished RTL Elaboration : Time (s): cpu = 00:00:24 ; elapsed = 00:00:26 . Memory (MB): peak = 2293.535 ; gain = 815.656
---------------------------------------------------------------------------------
---------------------------------------------------------------------------------
Start Handling Custom Attributes
---------------------------------------------------------------------------------
---------------------------------------------------------------------------------
Finished Handling Custom Attributes : Time (s): cpu = 00:00:24 ; elapsed = 00:00:26 . Memory (MB): peak = 2293.535 ; gain = 815.656
---------------------------------------------------------------------------------
---------------------------------------------------------------------------------
Finished RTL Optimization Phase 1 : Time (s): cpu = 00:00:24 ; elapsed = 00:00:26 . Memory (MB): peak = 2293.535 ; gain = 815.656
---------------------------------------------------------------------------------
Netlist sorting complete. Time (s): cpu = 00:00:00 ; elapsed = 00:00:00.153 . Memory (MB): peak = 2293.535 ; gain = 0.000
INFO: [Netlist 29-17] Analyzing 1931 Unisim elements for replacement
INFO: [Netlist 29-28] Unisim Transformation completed in 0 CPU seconds
INFO: [Project 1-570] Preparing netlist for logic optimization

Processing XDC Constraints
Initializing timing engine
Parsing XDC File [c:/Users/aless/OneDrive/Documenti/GitHub/Progetto-FInale-ADA/cordic_atan/cordic_atan.gen/sources_1/ip/cordic_0/cordic_0_ooc.xdc] for cell 'U0'
Finished Parsing XDC File [c:/Users/aless/OneDrive/Documenti/GitHub/Progetto-FInale-ADA/cordic_atan/cordic_atan.gen/sources_1/ip/cordic_0/cordic_0_ooc.xdc] for cell 'U0'
Parsing XDC File [C:/Users/aless/OneDrive/Documenti/GitHub/Progetto-FInale-ADA/cordic_atan/cordic_atan.runs/cordic_0_synth_1/dont_touch.xdc]
Finished Parsing XDC File [C:/Users/aless/OneDrive/Documenti/GitHub/Progetto-FInale-ADA/cordic_atan/cordic_atan.runs/cordic_0_synth_1/dont_touch.xdc]
Completed Processing XDC Constraints

Netlist sorting complete. Time (s): cpu = 00:00:00 ; elapsed = 00:00:00.003 . Memory (MB): peak = 2293.535 ; gain = 0.000
INFO: [Project 1-111] Unisim Transformation Summary:
No Unisim elements were transformed.

Constraint Validation Runtime : Time (s): cpu = 00:00:00 ; elapsed = 00:00:00.091 . Memory (MB): peak = 2293.535 ; gain = 0.000
INFO: [Designutils 20-5008] Incremental synthesis strategy off
INFO: [Synth 8-11241] undeclared symbol 'REGCCE', assumed default net type 'wire' [C:/Xilinx/Vivado/2022.2/data/verilog/src/unimacro/BRAM_SINGLE_MACRO.v:2170]
---------------------------------------------------------------------------------
Finished Constraint Validation : Time (s): cpu = 00:00:33 ; elapsed = 00:00:35 . Memory (MB): peak = 2293.535 ; gain = 815.656
---------------------------------------------------------------------------------
---------------------------------------------------------------------------------
Start Loading Part and Timing Information
---------------------------------------------------------------------------------
Loading part: xc7z020clg484-1
---------------------------------------------------------------------------------
Finished Loading Part and Timing Information : Time (s): cpu = 00:00:33 ; elapsed = 00:00:35 . Memory (MB): peak = 2293.535 ; gain = 815.656
---------------------------------------------------------------------------------
---------------------------------------------------------------------------------
Start Applying 'set_property' XDC Constraints
---------------------------------------------------------------------------------
Applied set_property KEEP_HIERARCHY = SOFT for U0. (constraint file  C:/Users/aless/OneDrive/Documenti/GitHub/Progetto-FInale-ADA/cordic_atan/cordic_atan.runs/cordic_0_synth_1/dont_touch.xdc, line 9).
---------------------------------------------------------------------------------
Finished applying 'set_property' XDC Constraints : Time (s): cpu = 00:00:33 ; elapsed = 00:00:35 . Memory (MB): peak = 2293.535 ; gain = 815.656
---------------------------------------------------------------------------------
---------------------------------------------------------------------------------
Finished RTL Optimization Phase 2 : Time (s): cpu = 00:00:34 ; elapsed = 00:00:36 . Memory (MB): peak = 2293.535 ; gain = 815.656
---------------------------------------------------------------------------------
---------------------------------------------------------------------------------
Start RTL Component Statistics 
---------------------------------------------------------------------------------
---------------------------------------------------------------------------------
Finished RTL Component Statistics 
---------------------------------------------------------------------------------
---------------------------------------------------------------------------------
Start Part Resource Summary
---------------------------------------------------------------------------------
Part Resources:
DSPs: 220 (col length:60)
BRAMs: 280 (col length: RAMB18 60 RAMB36 30)
---------------------------------------------------------------------------------
Finished Part Resource Summary
---------------------------------------------------------------------------------
---------------------------------------------------------------------------------
Start Cross Boundary and Area Optimization
---------------------------------------------------------------------------------
WARNING: [Synth 8-7080] Parallel synthesis criteria is not met
---------------------------------------------------------------------------------
Finished Cross Boundary and Area Optimization : Time (s): cpu = 00:00:36 ; elapsed = 00:00:39 . Memory (MB): peak = 2293.535 ; gain = 815.656
---------------------------------------------------------------------------------
---------------------------------------------------------------------------------
Start Applying XDC Timing Constraints
---------------------------------------------------------------------------------
---------------------------------------------------------------------------------
Finished Applying XDC Timing Constraints : Time (s): cpu = 00:00:42 ; elapsed = 00:00:44 . Memory (MB): peak = 2293.535 ; gain = 815.656
---------------------------------------------------------------------------------
---------------------------------------------------------------------------------
Start Timing Optimization
---------------------------------------------------------------------------------
---------------------------------------------------------------------------------
Finished Timing Optimization : Time (s): cpu = 00:00:42 ; elapsed = 00:00:45 . Memory (MB): peak = 2293.535 ; gain = 815.656
---------------------------------------------------------------------------------
---------------------------------------------------------------------------------
Start Technology Mapping
---------------------------------------------------------------------------------
---------------------------------------------------------------------------------
Finished Technology Mapping : Time (s): cpu = 00:00:43 ; elapsed = 00:00:46 . Memory (MB): peak = 2293.535 ; gain = 815.656
---------------------------------------------------------------------------------
---------------------------------------------------------------------------------
Start IO Insertion
---------------------------------------------------------------------------------
---------------------------------------------------------------------------------
Start Flattening Before IO Insertion
---------------------------------------------------------------------------------
---------------------------------------------------------------------------------
Finished Flattening Before IO Insertion
---------------------------------------------------------------------------------
---------------------------------------------------------------------------------
Start Final Netlist Cleanup
---------------------------------------------------------------------------------
---------------------------------------------------------------------------------
Finished Final Netlist Cleanup
---------------------------------------------------------------------------------
---------------------------------------------------------------------------------
Finished IO Insertion : Time (s): cpu = 00:00:48 ; elapsed = 00:00:51 . Memory (MB): peak = 2293.535 ; gain = 815.656
---------------------------------------------------------------------------------
---------------------------------------------------------------------------------
Start Renaming Generated Instances
---------------------------------------------------------------------------------
---------------------------------------------------------------------------------
Finished Renaming Generated Instances : Time (s): cpu = 00:00:48 ; elapsed = 00:00:51 . Memory (MB): peak = 2293.535 ; gain = 815.656
---------------------------------------------------------------------------------
---------------------------------------------------------------------------------
Start Rebuilding User Hierarchy
---------------------------------------------------------------------------------
---------------------------------------------------------------------------------
Finished Rebuilding User Hierarchy : Time (s): cpu = 00:00:48 ; elapsed = 00:00:52 . Memory (MB): peak = 2293.535 ; gain = 815.656
---------------------------------------------------------------------------------
---------------------------------------------------------------------------------
Start Renaming Generated Ports
---------------------------------------------------------------------------------
---------------------------------------------------------------------------------
Finished Renaming Generated Ports : Time (s): cpu = 00:00:48 ; elapsed = 00:00:52 . Memory (MB): peak = 2293.535 ; gain = 815.656
---------------------------------------------------------------------------------
---------------------------------------------------------------------------------
Start Handling Custom Attributes
---------------------------------------------------------------------------------
---------------------------------------------------------------------------------
Finished Handling Custom Attributes : Time (s): cpu = 00:00:48 ; elapsed = 00:00:52 . Memory (MB): peak = 2293.535 ; gain = 815.656
---------------------------------------------------------------------------------
---------------------------------------------------------------------------------
Start Renaming Generated Nets
---------------------------------------------------------------------------------
---------------------------------------------------------------------------------
Finished Renaming Generated Nets : Time (s): cpu = 00:00:48 ; elapsed = 00:00:52 . Memory (MB): peak = 2293.535 ; gain = 815.656
---------------------------------------------------------------------------------
---------------------------------------------------------------------------------
Start Writing Synthesis Report
---------------------------------------------------------------------------------

Report BlackBoxes: 
+-+--------------+----------+
| |BlackBox name |Instances |
+-+--------------+----------+
+-+--------------+----------+

Report Cell Usage: 
+------+--------+------+
|      |Cell    |Count |
+------+--------+------+
|1     |LUT1    |    69|
|2     |LUT2    |   344|
|3     |LUT3    |   527|
|4     |LUT4    |    32|
|5     |MUXCY   |   838|
|6     |SRL16E  |     5|
|7     |SRLC32E |     1|
|8     |XORCY   |   806|
|9     |FDRE    |   896|
+------+--------+------+
---------------------------------------------------------------------------------
Finished Writing Synthesis Report : Time (s): cpu = 00:00:48 ; elapsed = 00:00:52 . Memory (MB): peak = 2293.535 ; gain = 815.656
---------------------------------------------------------------------------------
Synthesis finished with 0 errors, 0 critical warnings and 309 warnings.
Synthesis Optimization Runtime : Time (s): cpu = 00:00:21 ; elapsed = 00:00:48 . Memory (MB): peak = 2293.535 ; gain = 815.656
Synthesis Optimization Complete : Time (s): cpu = 00:00:48 ; elapsed = 00:00:52 . Memory (MB): peak = 2293.535 ; gain = 815.656
INFO: [Project 1-571] Translating synthesized netlist
Netlist sorting complete. Time (s): cpu = 00:00:00 ; elapsed = 00:00:00.091 . Memory (MB): peak = 2293.535 ; gain = 0.000
INFO: [Netlist 29-17] Analyzing 1644 Unisim elements for replacement
INFO: [Netlist 29-28] Unisim Transformation completed in 0 CPU seconds
INFO: [Project 1-570] Preparing netlist for logic optimization
INFO: [Opt 31-138] Pushed 0 inverter(s) to 0 load pin(s).
Netlist sorting complete. Time (s): cpu = 00:00:00 ; elapsed = 00:00:00.003 . Memory (MB): peak = 2293.535 ; gain = 0.000
INFO: [Project 1-111] Unisim Transformation Summary:
  A total of 222 instances were transformed.
  (MUXCY,XORCY) => CARRY4: 222 instances

Synth Design complete, checksum: 896b8f3
INFO: [Common 17-83] Releasing license: Synthesis
24 Infos, 101 Warnings, 0 Critical Warnings and 0 Errors encountered.
synth_design completed successfully
synth_design: Time (s): cpu = 00:00:54 ; elapsed = 00:01:07 . Memory (MB): peak = 2293.535 ; gain = 1214.395
INFO: [Common 17-1381] The checkpoint 'C:/Users/aless/OneDrive/Documenti/GitHub/Progetto-FInale-ADA/cordic_atan/cordic_atan.runs/cordic_0_synth_1/cordic_0.dcp' has been generated.
INFO: [Coretcl 2-1648] Added synthesis output to IP cache for IP cordic_0, cache-ID = a92f696ea48b40e9
INFO: [Coretcl 2-1174] Renamed 350 cell refs.
INFO: [Common 17-1381] The checkpoint 'C:/Users/aless/OneDrive/Documenti/GitHub/Progetto-FInale-ADA/cordic_atan/cordic_atan.runs/cordic_0_synth_1/cordic_0.dcp' has been generated.
INFO: [runtcl-4] Executing : report_utilization -file cordic_0_utilization_synth.rpt -pb cordic_0_utilization_synth.pb
INFO: [Common 17-206] Exiting Vivado at Thu Nov  2 12:42:10 2023...
