
*** Running vivado
    with args -log master.vds -m64 -product Vivado -mode batch -messageDb vivado.pb -notrace -source master.tcl

WARNING: Default location for XILINX_HLS not found

****** Vivado v2022.2 (64-bit)
  **** SW Build 3671981 on Fri Oct 14 04:59:54 MDT 2022
  **** IP Build 3669848 on Fri Oct 14 08:30:02 MDT 2022
    ** Copyright 1986-2022 Xilinx, Inc. All Rights Reserved.

source master.tcl -notrace
Command: read_checkpoint -auto_incremental -incremental /home/angelonutu/Desktop/ADA2.0/Progetto-Finale-ADA/master/master.srcs/utils_1/imports/synth_1/master.dcp
INFO: [Vivado 12-5825] Read reference checkpoint from /home/angelonutu/Desktop/ADA2.0/Progetto-Finale-ADA/master/master.srcs/utils_1/imports/synth_1/master.dcp for incremental synthesis
INFO: [Vivado 12-7989] Please ensure there are no constraint changes
Command: synth_design -top master -part xc7z020clg484-1
Starting synth_design
Attempting to get a license for feature 'Synthesis' and/or device 'xc7z020'
INFO: [Common 17-349] Got license for feature 'Synthesis' and/or device 'xc7z020'
INFO: [Device 21-403] Loading part xc7z020clg484-1
INFO: [Designutils 20-5440] No compile time benefit to using incremental synthesis; A full resynthesis will be run
INFO: [Designutils 20-4379] Flow is switching to default flow due to incremental criteria not met. If you would like to alter this behaviour and have the flow terminate instead, please set the following parameter config_implementation {autoIncr.Synth.RejectBehavior Terminate}
INFO: [Synth 8-7079] Multithreading enabled for synth_design using a maximum of 4 processes.
INFO: [Synth 8-7078] Launching helper process for spawning children vivado processes
INFO: [Synth 8-7075] Helper process launched with PID 109466
INFO: [Synth 8-11241] undeclared symbol 'REGCCE', assumed default net type 'wire' [/tools/Xilinx/Vivado/2022.2/data/verilog/src/unimacro/BRAM_SINGLE_MACRO.v:2170]
---------------------------------------------------------------------------------
Starting RTL Elaboration : Time (s): cpu = 00:00:04 ; elapsed = 00:00:04 . Memory (MB): peak = 1969.113 ; gain = 372.770 ; free physical = 1098 ; free virtual = 5803
Synthesis current peak Physical Memory [PSS] (MB): peak = 1397.662; parent = 1191.152; children = 206.510
Synthesis current peak Virtual Memory [VSS] (MB): peak = 2968.938; parent = 1969.117; children = 999.820
---------------------------------------------------------------------------------
INFO: [Synth 8-638] synthesizing module 'master' [/home/angelonutu/Desktop/ADA2.0/Progetto-Finale-ADA/master/master.srcs/sources_1/new/master.vhd:20]
INFO: [Synth 8-638] synthesizing module 'accelerometer' [/home/angelonutu/Desktop/ADA2.0/Progetto-Finale-ADA/master/master.srcs/sources_1/imports/Progetto-FInale-ADA/adxl345/adxl345.srcs/sources_1/new/accelerometer.vhd:23]
	Parameter width bound to: 8 - type: integer 
INFO: [Synth 8-3491] module 'spi_master' declared at '/home/angelonutu/Desktop/ADA2.0/Progetto-Finale-ADA/master/master.srcs/sources_1/imports/Progetto-FInale-ADA/adxl345/adxl345.srcs/sources_1/new/spi.vhd:6' bound to instance 'spi' of component 'spi_master' [/home/angelonutu/Desktop/ADA2.0/Progetto-Finale-ADA/master/master.srcs/sources_1/imports/Progetto-FInale-ADA/adxl345/adxl345.srcs/sources_1/new/accelerometer.vhd:64]
INFO: [Synth 8-638] synthesizing module 'spi_master' [/home/angelonutu/Desktop/ADA2.0/Progetto-Finale-ADA/master/master.srcs/sources_1/imports/Progetto-FInale-ADA/adxl345/adxl345.srcs/sources_1/new/spi.vhd:28]
	Parameter width bound to: 8 - type: integer 
INFO: [Synth 8-256] done synthesizing module 'spi_master' (0#1) [/home/angelonutu/Desktop/ADA2.0/Progetto-Finale-ADA/master/master.srcs/sources_1/imports/Progetto-FInale-ADA/adxl345/adxl345.srcs/sources_1/new/spi.vhd:28]
INFO: [Synth 8-226] default block is never used [/home/angelonutu/Desktop/ADA2.0/Progetto-Finale-ADA/master/master.srcs/sources_1/imports/Progetto-FInale-ADA/adxl345/adxl345.srcs/sources_1/new/accelerometer.vhd:114]
INFO: [Synth 8-256] done synthesizing module 'accelerometer' (0#1) [/home/angelonutu/Desktop/ADA2.0/Progetto-Finale-ADA/master/master.srcs/sources_1/imports/Progetto-FInale-ADA/adxl345/adxl345.srcs/sources_1/new/accelerometer.vhd:23]
INFO: [Synth 8-638] synthesizing module 'atan' [/home/angelonutu/Desktop/ADA2.0/Progetto-Finale-ADA/cordic_atan/cordic_atan.srcs/sources_1/new/atan.vhd:17]
INFO: [Synth 8-638] synthesizing module 'cordic_0' [/home/angelonutu/Desktop/ADA2.0/Progetto-Finale-ADA/master/master.runs/synth_1/.Xil/Vivado-109409-thisguy/realtime/cordic_0_stub.vhdl:17]
WARNING: [Synth 8-614] signal 'reset' is read in the process but is not in the sensitivity list [/home/angelonutu/Desktop/ADA2.0/Progetto-Finale-ADA/cordic_atan/cordic_atan.srcs/sources_1/new/atan.vhd:40]
WARNING: [Synth 8-614] signal 'buffer_angle' is read in the process but is not in the sensitivity list [/home/angelonutu/Desktop/ADA2.0/Progetto-Finale-ADA/cordic_atan/cordic_atan.srcs/sources_1/new/atan.vhd:49]
INFO: [Synth 8-256] done synthesizing module 'atan' (0#1) [/home/angelonutu/Desktop/ADA2.0/Progetto-Finale-ADA/cordic_atan/cordic_atan.srcs/sources_1/new/atan.vhd:17]
INFO: [Synth 8-256] done synthesizing module 'master' (0#1) [/home/angelonutu/Desktop/ADA2.0/Progetto-Finale-ADA/master/master.srcs/sources_1/new/master.vhd:20]
WARNING: [Synth 8-6014] Unused sequential element acc_z_buff_reg was removed.  [/home/angelonutu/Desktop/ADA2.0/Progetto-Finale-ADA/master/master.srcs/sources_1/imports/Progetto-FInale-ADA/adxl345/adxl345.srcs/sources_1/new/accelerometer.vhd:188]
WARNING: [Synth 8-6014] Unused sequential element acceleration_z_reg was removed.  [/home/angelonutu/Desktop/ADA2.0/Progetto-Finale-ADA/master/master.srcs/sources_1/imports/Progetto-FInale-ADA/adxl345/adxl345.srcs/sources_1/new/accelerometer.vhd:95]
---------------------------------------------------------------------------------
Finished RTL Elaboration : Time (s): cpu = 00:00:06 ; elapsed = 00:00:06 . Memory (MB): peak = 2039.082 ; gain = 442.738 ; free physical = 1167 ; free virtual = 5884
Synthesis current peak Physical Memory [PSS] (MB): peak = 1397.662; parent = 1191.152; children = 206.510
Synthesis current peak Virtual Memory [VSS] (MB): peak = 3038.906; parent = 2039.086; children = 999.820
---------------------------------------------------------------------------------
---------------------------------------------------------------------------------
Start Handling Custom Attributes
---------------------------------------------------------------------------------
---------------------------------------------------------------------------------
Finished Handling Custom Attributes : Time (s): cpu = 00:00:06 ; elapsed = 00:00:06 . Memory (MB): peak = 2053.926 ; gain = 457.582 ; free physical = 1167 ; free virtual = 5884
Synthesis current peak Physical Memory [PSS] (MB): peak = 1397.662; parent = 1191.152; children = 206.510
Synthesis current peak Virtual Memory [VSS] (MB): peak = 3053.750; parent = 2053.930; children = 999.820
---------------------------------------------------------------------------------
---------------------------------------------------------------------------------
Finished RTL Optimization Phase 1 : Time (s): cpu = 00:00:06 ; elapsed = 00:00:06 . Memory (MB): peak = 2053.926 ; gain = 457.582 ; free physical = 1167 ; free virtual = 5884
Synthesis current peak Physical Memory [PSS] (MB): peak = 1397.662; parent = 1191.152; children = 206.510
Synthesis current peak Virtual Memory [VSS] (MB): peak = 3053.750; parent = 2053.930; children = 999.820
---------------------------------------------------------------------------------
Netlist sorting complete. Time (s): cpu = 00:00:00.01 ; elapsed = 00:00:00.01 . Memory (MB): peak = 2053.926 ; gain = 0.000 ; free physical = 1165 ; free virtual = 5882
INFO: [Project 1-570] Preparing netlist for logic optimization

Processing XDC Constraints
Initializing timing engine
Parsing XDC File [/home/angelonutu/Desktop/ADA2.0/Progetto-Finale-ADA/cordic_atan/cordic_atan.gen/sources_1/ip/cordic_0/cordic_0/cordic_0_in_context.xdc] for cell 'atan/cordic'
Finished Parsing XDC File [/home/angelonutu/Desktop/ADA2.0/Progetto-Finale-ADA/cordic_atan/cordic_atan.gen/sources_1/ip/cordic_0/cordic_0/cordic_0_in_context.xdc] for cell 'atan/cordic'
Parsing XDC File [/home/angelonutu/Desktop/ADA2.0/Progetto-Finale-ADA/master/master.srcs/constrs_1/new/constr_zedboard.xdc]
WARNING: [Vivado 12-584] No ports matched '[get_ports -of_objects [get_iobanks 33]]'. [/home/angelonutu/Desktop/ADA2.0/Progetto-Finale-ADA/master/master.srcs/constrs_1/new/constr_zedboard.xdc:357]
WARNING: [Vivado 12-584] No ports matched '[get_ports -of_objects [get_iobanks 34]]'. [/home/angelonutu/Desktop/ADA2.0/Progetto-Finale-ADA/master/master.srcs/constrs_1/new/constr_zedboard.xdc:362]
WARNING: [Vivado 12-584] No ports matched '[get_ports -of_objects [get_iobanks 35]]'. [/home/angelonutu/Desktop/ADA2.0/Progetto-Finale-ADA/master/master.srcs/constrs_1/new/constr_zedboard.xdc:367]
WARNING: [Vivado 12-584] No ports matched '[get_ports -of_objects [get_iobanks 13]]'. [/home/angelonutu/Desktop/ADA2.0/Progetto-Finale-ADA/master/master.srcs/constrs_1/new/constr_zedboard.xdc:370]
Finished Parsing XDC File [/home/angelonutu/Desktop/ADA2.0/Progetto-Finale-ADA/master/master.srcs/constrs_1/new/constr_zedboard.xdc]
INFO: [Project 1-236] Implementation specific constraints were found while reading constraint file [/home/angelonutu/Desktop/ADA2.0/Progetto-Finale-ADA/master/master.srcs/constrs_1/new/constr_zedboard.xdc]. These constraints will be ignored for synthesis but will be used in implementation. Impacted constraints are listed in the file [.Xil/master_propImpl.xdc].
Resolution: To avoid this warning, move constraints listed in [.Xil/master_propImpl.xdc] to another XDC file and exclude this new file from synthesis with the used_in_synthesis property (File Properties dialog in GUI) and re-run elaboration/synthesis.
Parsing XDC File [/home/angelonutu/Desktop/ADA2.0/Progetto-Finale-ADA/master/master.runs/synth_1/dont_touch.xdc]
Finished Parsing XDC File [/home/angelonutu/Desktop/ADA2.0/Progetto-Finale-ADA/master/master.runs/synth_1/dont_touch.xdc]
Completed Processing XDC Constraints

Netlist sorting complete. Time (s): cpu = 00:00:00 ; elapsed = 00:00:00 . Memory (MB): peak = 2217.676 ; gain = 0.000 ; free physical = 1077 ; free virtual = 5799
INFO: [Project 1-111] Unisim Transformation Summary:
No Unisim elements were transformed.

Constraint Validation Runtime : Time (s): cpu = 00:00:00.01 ; elapsed = 00:00:00 . Memory (MB): peak = 2217.676 ; gain = 0.000 ; free physical = 1077 ; free virtual = 5799
INFO: [Designutils 20-5440] No compile time benefit to using incremental synthesis; A full resynthesis will be run
INFO: [Designutils 20-4379] Flow is switching to default flow due to incremental criteria not met. If you would like to alter this behaviour and have the flow terminate instead, please set the following parameter config_implementation {autoIncr.Synth.RejectBehavior Terminate}
INFO: [Synth 8-11241] undeclared symbol 'REGCCE', assumed default net type 'wire' [/tools/Xilinx/Vivado/2022.2/data/verilog/src/unimacro/BRAM_SINGLE_MACRO.v:2170]
---------------------------------------------------------------------------------
Finished Constraint Validation : Time (s): cpu = 00:00:12 ; elapsed = 00:00:13 . Memory (MB): peak = 2217.676 ; gain = 621.332 ; free physical = 1138 ; free virtual = 5851
Synthesis current peak Physical Memory [PSS] (MB): peak = 1402.510; parent = 1196.442; children = 206.510
Synthesis current peak Virtual Memory [VSS] (MB): peak = 3185.484; parent = 2185.664; children = 999.820
---------------------------------------------------------------------------------
---------------------------------------------------------------------------------
Start Loading Part and Timing Information
---------------------------------------------------------------------------------
Loading part: xc7z020clg484-1
---------------------------------------------------------------------------------
Finished Loading Part and Timing Information : Time (s): cpu = 00:00:12 ; elapsed = 00:00:13 . Memory (MB): peak = 2217.676 ; gain = 621.332 ; free physical = 1138 ; free virtual = 5851
Synthesis current peak Physical Memory [PSS] (MB): peak = 1402.510; parent = 1196.442; children = 206.510
Synthesis current peak Virtual Memory [VSS] (MB): peak = 3185.484; parent = 2185.664; children = 999.820
---------------------------------------------------------------------------------
---------------------------------------------------------------------------------
Start Applying 'set_property' XDC Constraints
---------------------------------------------------------------------------------
Applied set_property KEEP_HIERARCHY = SOFT for atan/cordic. (constraint file  auto generated constraint).
---------------------------------------------------------------------------------
Finished applying 'set_property' XDC Constraints : Time (s): cpu = 00:00:12 ; elapsed = 00:00:13 . Memory (MB): peak = 2217.676 ; gain = 621.332 ; free physical = 1138 ; free virtual = 5851
Synthesis current peak Physical Memory [PSS] (MB): peak = 1402.510; parent = 1196.442; children = 206.510
Synthesis current peak Virtual Memory [VSS] (MB): peak = 3185.484; parent = 2185.664; children = 999.820
---------------------------------------------------------------------------------
INFO: [Synth 8-802] inferred FSM for state register 'parameter_reg' in module 'accelerometer'
---------------------------------------------------------------------------------------------------
                   State |                     New Encoding |                Previous Encoding 
---------------------------------------------------------------------------------------------------
                  iSTATE |                               00 |                               00
                 iSTATE0 |                               01 |                               01
                 iSTATE1 |                               10 |                               10
                 iSTATE2 |                               11 |                               11
---------------------------------------------------------------------------------------------------
INFO: [Synth 8-3354] encoded FSM with state register 'parameter_reg' using encoding 'sequential' in module 'accelerometer'
WARNING: [Synth 8-327] inferring latch for variable 'angle_reg' [/home/angelonutu/Desktop/ADA2.0/Progetto-Finale-ADA/cordic_atan/cordic_atan.srcs/sources_1/new/atan.vhd:62]
WARNING: [Synth 8-327] inferring latch for variable 'thresholds_reg' [/home/angelonutu/Desktop/ADA2.0/Progetto-Finale-ADA/cordic_atan/cordic_atan.srcs/sources_1/new/atan.vhd:63]
---------------------------------------------------------------------------------
Finished RTL Optimization Phase 2 : Time (s): cpu = 00:00:13 ; elapsed = 00:00:14 . Memory (MB): peak = 2217.676 ; gain = 621.332 ; free physical = 1125 ; free virtual = 5838
Synthesis current peak Physical Memory [PSS] (MB): peak = 1402.510; parent = 1196.442; children = 206.510
Synthesis current peak Virtual Memory [VSS] (MB): peak = 3185.484; parent = 2185.664; children = 999.820
---------------------------------------------------------------------------------
---------------------------------------------------------------------------------
Start RTL Component Statistics 
---------------------------------------------------------------------------------
Detailed RTL Component Info : 
+---Adders : 
	   2 Input   32 Bit       Adders := 2     
	   2 Input    8 Bit       Adders := 1     
	   3 Input    6 Bit       Adders := 1     
	   2 Input    5 Bit       Adders := 4     
+---Registers : 
	               32 Bit    Registers := 3     
	               16 Bit    Registers := 4     
	                8 Bit    Registers := 4     
	                6 Bit    Registers := 1     
	                5 Bit    Registers := 2     
	                4 Bit    Registers := 1     
	                3 Bit    Registers := 1     
	                1 Bit    Registers := 10    
+---Muxes : 
	   2 Input   32 Bit        Muxes := 7     
	   8 Input   32 Bit        Muxes := 1     
	   6 Input   32 Bit        Muxes := 1     
	   2 Input   16 Bit        Muxes := 4     
	   6 Input   16 Bit        Muxes := 2     
	   8 Input   16 Bit        Muxes := 2     
	   2 Input    8 Bit        Muxes := 6     
	   6 Input    8 Bit        Muxes := 1     
	   4 Input    6 Bit        Muxes := 1     
	   2 Input    6 Bit        Muxes := 1     
	   2 Input    5 Bit        Muxes := 2     
	   5 Input    4 Bit        Muxes := 1     
	   6 Input    3 Bit        Muxes := 1     
	   2 Input    3 Bit        Muxes := 1     
	   4 Input    2 Bit        Muxes := 1     
	   9 Input    2 Bit        Muxes := 1     
	   2 Input    2 Bit        Muxes := 1     
	   2 Input    1 Bit        Muxes := 37    
	   6 Input    1 Bit        Muxes := 10    
	   8 Input    1 Bit        Muxes := 4     
	   4 Input    1 Bit        Muxes := 1     
---------------------------------------------------------------------------------
Finished RTL Component Statistics 
---------------------------------------------------------------------------------
---------------------------------------------------------------------------------
Start Part Resource Summary
---------------------------------------------------------------------------------
Part Resources:
DSPs: 220 (col length:60)
BRAMs: 280 (col length: RAMB18 60 RAMB36 30)
---------------------------------------------------------------------------------
Finished Part Resource Summary
---------------------------------------------------------------------------------
---------------------------------------------------------------------------------
Start Cross Boundary and Area Optimization
---------------------------------------------------------------------------------
WARNING: [Synth 8-7080] Parallel synthesis criteria is not met
WARNING: [Synth 8-3332] Sequential element (atan/angle_reg[7]) is unused and will be removed from module master.
WARNING: [Synth 8-3332] Sequential element (atan/angle_reg[6]) is unused and will be removed from module master.
WARNING: [Synth 8-3332] Sequential element (atan/angle_reg[5]) is unused and will be removed from module master.
WARNING: [Synth 8-3332] Sequential element (atan/angle_reg[4]) is unused and will be removed from module master.
WARNING: [Synth 8-3332] Sequential element (atan/angle_reg[3]) is unused and will be removed from module master.
WARNING: [Synth 8-3332] Sequential element (atan/angle_reg[2]) is unused and will be removed from module master.
WARNING: [Synth 8-3332] Sequential element (atan/angle_reg[1]) is unused and will be removed from module master.
WARNING: [Synth 8-3332] Sequential element (atan/angle_reg[0]) is unused and will be removed from module master.
---------------------------------------------------------------------------------
Finished Cross Boundary and Area Optimization : Time (s): cpu = 00:00:16 ; elapsed = 00:00:17 . Memory (MB): peak = 2217.676 ; gain = 621.332 ; free physical = 1121 ; free virtual = 5838
Synthesis current peak Physical Memory [PSS] (MB): peak = 1402.510; parent = 1196.442; children = 206.510
Synthesis current peak Virtual Memory [VSS] (MB): peak = 3185.484; parent = 2185.664; children = 999.820
---------------------------------------------------------------------------------
---------------------------------------------------------------------------------
Start Applying XDC Timing Constraints
---------------------------------------------------------------------------------
---------------------------------------------------------------------------------
Finished Applying XDC Timing Constraints : Time (s): cpu = 00:00:21 ; elapsed = 00:00:22 . Memory (MB): peak = 2217.676 ; gain = 621.332 ; free physical = 1005 ; free virtual = 5725
Synthesis current peak Physical Memory [PSS] (MB): peak = 1503.893; parent = 1297.933; children = 206.510
Synthesis current peak Virtual Memory [VSS] (MB): peak = 3185.484; parent = 2185.664; children = 999.820
---------------------------------------------------------------------------------
---------------------------------------------------------------------------------
Start Timing Optimization
---------------------------------------------------------------------------------
---------------------------------------------------------------------------------
Finished Timing Optimization : Time (s): cpu = 00:00:21 ; elapsed = 00:00:22 . Memory (MB): peak = 2217.676 ; gain = 621.332 ; free physical = 1005 ; free virtual = 5725
Synthesis current peak Physical Memory [PSS] (MB): peak = 1504.064; parent = 1298.104; children = 206.510
Synthesis current peak Virtual Memory [VSS] (MB): peak = 3185.484; parent = 2185.664; children = 999.820
---------------------------------------------------------------------------------
---------------------------------------------------------------------------------
Start Technology Mapping
---------------------------------------------------------------------------------
---------------------------------------------------------------------------------
Finished Technology Mapping : Time (s): cpu = 00:00:21 ; elapsed = 00:00:22 . Memory (MB): peak = 2217.676 ; gain = 621.332 ; free physical = 1003 ; free virtual = 5723
Synthesis current peak Physical Memory [PSS] (MB): peak = 1504.287; parent = 1298.327; children = 206.510
Synthesis current peak Virtual Memory [VSS] (MB): peak = 3185.484; parent = 2185.664; children = 999.820
---------------------------------------------------------------------------------
---------------------------------------------------------------------------------
Start IO Insertion
---------------------------------------------------------------------------------
---------------------------------------------------------------------------------
Start Flattening Before IO Insertion
---------------------------------------------------------------------------------
---------------------------------------------------------------------------------
Finished Flattening Before IO Insertion
---------------------------------------------------------------------------------
---------------------------------------------------------------------------------
Start Final Netlist Cleanup
---------------------------------------------------------------------------------
---------------------------------------------------------------------------------
Finished Final Netlist Cleanup
---------------------------------------------------------------------------------
---------------------------------------------------------------------------------
Finished IO Insertion : Time (s): cpu = 00:00:25 ; elapsed = 00:00:27 . Memory (MB): peak = 2217.676 ; gain = 621.332 ; free physical = 1003 ; free virtual = 5723
Synthesis current peak Physical Memory [PSS] (MB): peak = 1504.541; parent = 1298.581; children = 206.510
Synthesis current peak Virtual Memory [VSS] (MB): peak = 3185.484; parent = 2185.664; children = 999.820
---------------------------------------------------------------------------------
---------------------------------------------------------------------------------
Start Renaming Generated Instances
---------------------------------------------------------------------------------
---------------------------------------------------------------------------------
Finished Renaming Generated Instances : Time (s): cpu = 00:00:25 ; elapsed = 00:00:27 . Memory (MB): peak = 2217.676 ; gain = 621.332 ; free physical = 1003 ; free virtual = 5723
Synthesis current peak Physical Memory [PSS] (MB): peak = 1504.557; parent = 1298.597; children = 206.510
Synthesis current peak Virtual Memory [VSS] (MB): peak = 3185.484; parent = 2185.664; children = 999.820
---------------------------------------------------------------------------------
---------------------------------------------------------------------------------
Start Rebuilding User Hierarchy
---------------------------------------------------------------------------------
---------------------------------------------------------------------------------
Finished Rebuilding User Hierarchy : Time (s): cpu = 00:00:25 ; elapsed = 00:00:27 . Memory (MB): peak = 2217.676 ; gain = 621.332 ; free physical = 1003 ; free virtual = 5723
Synthesis current peak Physical Memory [PSS] (MB): peak = 1504.584; parent = 1298.624; children = 206.510
Synthesis current peak Virtual Memory [VSS] (MB): peak = 3185.484; parent = 2185.664; children = 999.820
---------------------------------------------------------------------------------
---------------------------------------------------------------------------------
Start Renaming Generated Ports
---------------------------------------------------------------------------------
---------------------------------------------------------------------------------
Finished Renaming Generated Ports : Time (s): cpu = 00:00:25 ; elapsed = 00:00:27 . Memory (MB): peak = 2217.676 ; gain = 621.332 ; free physical = 1003 ; free virtual = 5723
Synthesis current peak Physical Memory [PSS] (MB): peak = 1504.588; parent = 1298.628; children = 206.510
Synthesis current peak Virtual Memory [VSS] (MB): peak = 3185.484; parent = 2185.664; children = 999.820
---------------------------------------------------------------------------------
---------------------------------------------------------------------------------
Start Handling Custom Attributes
---------------------------------------------------------------------------------
---------------------------------------------------------------------------------
Finished Handling Custom Attributes : Time (s): cpu = 00:00:25 ; elapsed = 00:00:27 . Memory (MB): peak = 2217.676 ; gain = 621.332 ; free physical = 1003 ; free virtual = 5723
Synthesis current peak Physical Memory [PSS] (MB): peak = 1504.588; parent = 1298.628; children = 206.510
Synthesis current peak Virtual Memory [VSS] (MB): peak = 3185.484; parent = 2185.664; children = 999.820
---------------------------------------------------------------------------------
---------------------------------------------------------------------------------
Start Renaming Generated Nets
---------------------------------------------------------------------------------
---------------------------------------------------------------------------------
Finished Renaming Generated Nets : Time (s): cpu = 00:00:25 ; elapsed = 00:00:27 . Memory (MB): peak = 2217.676 ; gain = 621.332 ; free physical = 1003 ; free virtual = 5723
Synthesis current peak Physical Memory [PSS] (MB): peak = 1504.607; parent = 1298.647; children = 206.510
Synthesis current peak Virtual Memory [VSS] (MB): peak = 3185.484; parent = 2185.664; children = 999.820
---------------------------------------------------------------------------------
---------------------------------------------------------------------------------
Start Writing Synthesis Report
---------------------------------------------------------------------------------

Report BlackBoxes: 
+------+--------------+----------+
|      |BlackBox name |Instances |
+------+--------------+----------+
|1     |cordic_0      |         1|
+------+--------------+----------+

Report Cell Usage: 
+------+-------+------+
|      |Cell   |Count |
+------+-------+------+
|1     |cordic |     1|
|2     |BUFG   |     1|
|3     |CARRY4 |    23|
|4     |LUT1   |     4|
|5     |LUT2   |    23|
|6     |LUT3   |    29|
|7     |LUT4   |    33|
|8     |LUT5   |    15|
|9     |LUT6   |    81|
|10    |FDCE   |    53|
|11    |FDPE   |     3|
|12    |FDRE   |   130|
|13    |LD     |     4|
|14    |IBUF   |     3|
|15    |OBUF   |     6|
|16    |OBUFT  |     1|
+------+-------+------+
---------------------------------------------------------------------------------
Finished Writing Synthesis Report : Time (s): cpu = 00:00:25 ; elapsed = 00:00:27 . Memory (MB): peak = 2217.676 ; gain = 621.332 ; free physical = 1003 ; free virtual = 5723
Synthesis current peak Physical Memory [PSS] (MB): peak = 1504.639; parent = 1298.679; children = 206.510
Synthesis current peak Virtual Memory [VSS] (MB): peak = 3185.484; parent = 2185.664; children = 999.820
---------------------------------------------------------------------------------
Synthesis finished with 0 errors, 0 critical warnings and 11 warnings.
Synthesis Optimization Runtime : Time (s): cpu = 00:00:24 ; elapsed = 00:00:25 . Memory (MB): peak = 2217.676 ; gain = 457.582 ; free physical = 1055 ; free virtual = 5774
Synthesis Optimization Complete : Time (s): cpu = 00:00:25 ; elapsed = 00:00:27 . Memory (MB): peak = 2217.676 ; gain = 621.332 ; free physical = 1055 ; free virtual = 5774
INFO: [Project 1-571] Translating synthesized netlist
Netlist sorting complete. Time (s): cpu = 00:00:00 ; elapsed = 00:00:00 . Memory (MB): peak = 2217.676 ; gain = 0.000 ; free physical = 1156 ; free virtual = 5875
INFO: [Netlist 29-17] Analyzing 27 Unisim elements for replacement
INFO: [Netlist 29-28] Unisim Transformation completed in 0 CPU seconds
INFO: [Project 1-570] Preparing netlist for logic optimization
INFO: [Opt 31-138] Pushed 0 inverter(s) to 0 load pin(s).
Netlist sorting complete. Time (s): cpu = 00:00:00 ; elapsed = 00:00:00 . Memory (MB): peak = 2217.676 ; gain = 0.000 ; free physical = 1096 ; free virtual = 5815
INFO: [Project 1-111] Unisim Transformation Summary:
  A total of 4 instances were transformed.
  LD => LDCE: 4 instances

Synth Design complete, checksum: 4afe67fb
INFO: [Common 17-83] Releasing license: Synthesis
36 Infos, 19 Warnings, 0 Critical Warnings and 0 Errors encountered.
synth_design completed successfully
synth_design: Time (s): cpu = 00:00:33 ; elapsed = 00:00:32 . Memory (MB): peak = 2217.676 ; gain = 949.895 ; free physical = 1305 ; free virtual = 6024
INFO: [Common 17-1381] The checkpoint '/home/angelonutu/Desktop/ADA2.0/Progetto-Finale-ADA/master/master.runs/synth_1/master.dcp' has been generated.
INFO: [runtcl-4] Executing : report_utilization -file master_utilization_synth.rpt -pb master_utilization_synth.pb
INFO: [Common 17-206] Exiting Vivado at Fri Mar  8 13:43:09 2024...
