#-----------------------------------------------------------
# Vivado v2022.2 (64-bit)
# SW Build 3671981 on Fri Oct 14 05:00:03 MDT 2022
# IP Build 3669848 on Fri Oct 14 08:30:02 MDT 2022
# Start of session at: Thu Mar  7 09:12:45 2024
# Process ID: 940
# Current directory: C:/Users/aless/OneDrive/Documenti/GitHub/ada/Progetto-Finale-ADA/generate_frame
# Command line: vivado.exe -gui_launcher_event rodinguilauncherevent8376 C:\Users\aless\OneDrive\Documenti\GitHub\ada\Progetto-Finale-ADA\generate_frame\generate_frame.xpr
# Log file: C:/Users/aless/OneDrive/Documenti/GitHub/ada/Progetto-Finale-ADA/generate_frame/vivado.log
# Journal file: C:/Users/aless/OneDrive/Documenti/GitHub/ada/Progetto-Finale-ADA/generate_frame\vivado.jou
# Running On: LAPTOP-ESNLEJG4, OS: Windows, CPU Frequency: 2894 MHz, CPU Physical cores: 16, Host memory: 16505 MB
#-----------------------------------------------------------
start_gui
open_project C:/Users/aless/OneDrive/Documenti/GitHub/ada/Progetto-Finale-ADA/generate_frame/generate_frame.xpr
WARNING: [Board 49-26] cannot add Board Part xilinx.com:vek280_es:part0:1.0 available at C:/Xilinx/Vivado/2022.2/data/xhub/boards/XilinxBoardStore/boards/Xilinx/vek280/es/1.0/board.xml as part xcve2802-vsvh1760-2lp-e-s-es1 specified in board_part file is either invalid or not available
WARNING: [Board 49-26] cannot add Board Part xilinx.com:vhk158_es:part0:1.0 available at C:/Xilinx/Vivado/2022.2/data/xhub/boards/XilinxBoardStore/boards/Xilinx/vhk158/es/1.0/board.xml as part xcvh1582-vsva3697-2mp-e-s-es1 specified in board_part file is either invalid or not available
WARNING: [Board 49-26] cannot add Board Part xilinx.com:vpk120_es:part0:1.2 available at C:/Xilinx/Vivado/2022.2/data/xhub/boards/XilinxBoardStore/boards/Xilinx/vpk120/es/1.2/board.xml as part xcvp1202-vsva2785-2mp-e-s-es1 specified in board_part file is either invalid or not available
WARNING: [Board 49-26] cannot add Board Part xilinx.com:vpk120_es_revb:part0:1.0 available at C:/Xilinx/Vivado/2022.2/data/xhub/boards/XilinxBoardStore/boards/Xilinx/vpk120_revb/es/1.0/board.xml as part xcvp1202-vsva2785-2mp-e-s-es1 specified in board_part file is either invalid or not available
WARNING: [Board 49-26] cannot add Board Part xilinx.com:vpk180_es:part0:1.0 available at C:/Xilinx/Vivado/2022.2/data/xhub/boards/XilinxBoardStore/boards/Xilinx/vpk180/es/1.0/board.xml as part xcvp1802-lsvc4072-2mp-e-s-es1 specified in board_part file is either invalid or not available
WARNING: [Board 49-26] cannot add Board Part xilinx.com:zcu208ld:part0:2.0 available at C:/Xilinx/Vivado/2022.2/data/xhub/boards/XilinxBoardStore/boards/Xilinx/zcu208ld/production/2.0/board.xml as part xczu58dr-fsvg1517-2-i specified in board_part file is either invalid or not available
WARNING: [Board 49-26] cannot add Board Part xilinx.com:zcu216ld:part0:2.0 available at C:/Xilinx/Vivado/2022.2/data/xhub/boards/XilinxBoardStore/boards/Xilinx/zcu216ld/production/2.0/board.xml as part xczu59dr-ffvf1760-2-i specified in board_part file is either invalid or not available
WARNING: [Board 49-26] cannot add Board Part xilinx.com:zcu670:part0:2.0 available at C:/Xilinx/Vivado/2022.2/data/xhub/boards/XilinxBoardStore/boards/Xilinx/zcu670/2.0/board.xml as part xczu67dr-fsve1156-2-i specified in board_part file is either invalid or not available
WARNING: [Board 49-26] cannot add Board Part xilinx.com:zcu670ld:part0:1.0 available at C:/Xilinx/Vivado/2022.2/data/xhub/boards/XilinxBoardStore/boards/Xilinx/zcu670ld/1.0/board.xml as part xczu57dr-fsve1156-2-i specified in board_part file is either invalid or not available
INFO: [Project 1-313] Project file moved from '/home/angelonutu/Desktop/ADA2.0/Progetto-Finale-ADA/generate_frame' since last save.
Scanning sources...
Finished scanning sources
INFO: [IP_Flow 19-234] Refreshing IP repositories
INFO: [IP_Flow 19-1704] No user IP repositories specified
INFO: [IP_Flow 19-2313] Loaded Vivado IP repository 'C:/Xilinx/Vivado/2022.2/data/ip'.
open_project: Time (s): cpu = 00:00:13 ; elapsed = 00:00:17 . Memory (MB): peak = 1857.414 ; gain = 434.395
update_compile_order -fileset sources_1
WARNING: [IP_Flow 19-4067] Ignoring invalid widget type specified checkbox.Providing a default widget
WARNING: [IP_Flow 19-4067] Ignoring invalid widget type specified checkbox.Providing a default widget
update_compile_order -fileset sources_1
reset_run synth_1
INFO: [Project 1-1161] Replacing file C:/Users/aless/OneDrive/Documenti/GitHub/ada/Progetto-Finale-ADA/generate_frame/generate_frame.srcs/utils_1/imports/synth_1/randomizer.dcp with file C:/Users/aless/OneDrive/Documenti/GitHub/ada/Progetto-Finale-ADA/generate_frame/generate_frame.runs/synth_1/framesMaster.dcp
launch_runs impl_1 -to_step write_bitstream -jobs 16
INFO: [Vivado 12-4149] The synthesis checkpoint for IP 'C:/Users/aless/OneDrive/Documenti/GitHub/ada/Progetto-Finale-ADA/generate_frame/generate_frame.srcs/sources_1/ip/blk_mem_gen_2/blk_mem_gen_2.xci' is already up-to-date
INFO: [Vivado 12-4149] The synthesis checkpoint for IP 'C:/Users/aless/OneDrive/Documenti/GitHub/ada/Progetto-Finale-ADA/generate_frame/generate_frame.srcs/sources_1/ip/blk_mem_gen_0/blk_mem_gen_0.xci' is already up-to-date
[Thu Mar  7 12:05:34 2024] Launched synth_1...
Run output will be captured here: C:/Users/aless/OneDrive/Documenti/GitHub/ada/Progetto-Finale-ADA/generate_frame/generate_frame.runs/synth_1/runme.log
[Thu Mar  7 12:05:34 2024] Launched impl_1...
Run output will be captured here: C:/Users/aless/OneDrive/Documenti/GitHub/ada/Progetto-Finale-ADA/generate_frame/generate_frame.runs/impl_1/runme.log
reset_run synth_1
launch_runs impl_1 -to_step write_bitstream -jobs 16
INFO: [Vivado 12-4149] The synthesis checkpoint for IP 'C:/Users/aless/OneDrive/Documenti/GitHub/ada/Progetto-Finale-ADA/generate_frame/generate_frame.srcs/sources_1/ip/blk_mem_gen_2/blk_mem_gen_2.xci' is already up-to-date
INFO: [Vivado 12-4149] The synthesis checkpoint for IP 'C:/Users/aless/OneDrive/Documenti/GitHub/ada/Progetto-Finale-ADA/generate_frame/generate_frame.srcs/sources_1/ip/blk_mem_gen_0/blk_mem_gen_0.xci' is already up-to-date
[Thu Mar  7 12:07:11 2024] Launched synth_1...
Run output will be captured here: C:/Users/aless/OneDrive/Documenti/GitHub/ada/Progetto-Finale-ADA/generate_frame/generate_frame.runs/synth_1/runme.log
[Thu Mar  7 12:07:11 2024] Launched impl_1...
Run output will be captured here: C:/Users/aless/OneDrive/Documenti/GitHub/ada/Progetto-Finale-ADA/generate_frame/generate_frame.runs/impl_1/runme.log
reset_run synth_1
INFO: [Project 1-1161] Replacing file C:/Users/aless/OneDrive/Documenti/GitHub/ada/Progetto-Finale-ADA/generate_frame/generate_frame.srcs/utils_1/imports/synth_1/randomizer.dcp with file C:/Users/aless/OneDrive/Documenti/GitHub/ada/Progetto-Finale-ADA/generate_frame/generate_frame.runs/synth_1/framesMaster.dcp
launch_runs impl_1 -to_step write_bitstream -jobs 16
INFO: [Vivado 12-4149] The synthesis checkpoint for IP 'C:/Users/aless/OneDrive/Documenti/GitHub/ada/Progetto-Finale-ADA/generate_frame/generate_frame.srcs/sources_1/ip/blk_mem_gen_2/blk_mem_gen_2.xci' is already up-to-date
INFO: [Vivado 12-4149] The synthesis checkpoint for IP 'C:/Users/aless/OneDrive/Documenti/GitHub/ada/Progetto-Finale-ADA/generate_frame/generate_frame.srcs/sources_1/ip/blk_mem_gen_0/blk_mem_gen_0.xci' is already up-to-date
[Thu Mar  7 12:10:41 2024] Launched synth_1...
Run output will be captured here: C:/Users/aless/OneDrive/Documenti/GitHub/ada/Progetto-Finale-ADA/generate_frame/generate_frame.runs/synth_1/runme.log
[Thu Mar  7 12:10:41 2024] Launched impl_1...
Run output will be captured here: C:/Users/aless/OneDrive/Documenti/GitHub/ada/Progetto-Finale-ADA/generate_frame/generate_frame.runs/impl_1/runme.log
exit
INFO: [Common 17-206] Exiting Vivado at Thu Mar  7 12:17:44 2024...
