#-----------------------------------------------------------
# Vivado v2022.2 (64-bit)
# SW Build 3671981 on Fri Oct 14 05:00:03 MDT 2022
# IP Build 3669848 on Fri Oct 14 08:30:02 MDT 2022
# Start of session at: Wed Mar  6 09:53:40 2024
# Process ID: 11160
# Current directory: C:/Users/aless/OneDrive/Documenti/GitHub/ada/Progetto-Finale-ADA/generate_frame
# Command line: vivado.exe -gui_launcher_event rodinguilauncherevent21636 C:\Users\aless\OneDrive\Documenti\GitHub\ada\Progetto-Finale-ADA\generate_frame\generate_frame.xpr
# Log file: C:/Users/aless/OneDrive/Documenti/GitHub/ada/Progetto-Finale-ADA/generate_frame/vivado.log
# Journal file: C:/Users/aless/OneDrive/Documenti/GitHub/ada/Progetto-Finale-ADA/generate_frame\vivado.jou
# Running On: LAPTOP-ESNLEJG4, OS: Windows, CPU Frequency: 2894 MHz, CPU Physical cores: 16, Host memory: 16505 MB
#-----------------------------------------------------------
start_gui
open_project C:/Users/aless/OneDrive/Documenti/GitHub/ada/Progetto-Finale-ADA/generate_frame/generate_frame.xpr
Scanning sources...
Finished scanning sources
INFO: [IP_Flow 19-234] Refreshing IP repositories
INFO: [IP_Flow 19-1704] No user IP repositories specified
INFO: [IP_Flow 19-2313] Loaded Vivado IP repository 'C:/Xilinx/Vivado/2022.2/data/ip'.
WARNING: [Board 49-26] cannot add Board Part xilinx.com:vek280_es:part0:1.0 available at C:/Xilinx/Vivado/2022.2/data/xhub/boards/XilinxBoardStore/boards/Xilinx/vek280/es/1.0/board.xml as part xcve2802-vsvh1760-2lp-e-s-es1 specified in board_part file is either invalid or not available
WARNING: [Board 49-26] cannot add Board Part xilinx.com:vhk158_es:part0:1.0 available at C:/Xilinx/Vivado/2022.2/data/xhub/boards/XilinxBoardStore/boards/Xilinx/vhk158/es/1.0/board.xml as part xcvh1582-vsva3697-2mp-e-s-es1 specified in board_part file is either invalid or not available
WARNING: [Board 49-26] cannot add Board Part xilinx.com:vpk120_es:part0:1.2 available at C:/Xilinx/Vivado/2022.2/data/xhub/boards/XilinxBoardStore/boards/Xilinx/vpk120/es/1.2/board.xml as part xcvp1202-vsva2785-2mp-e-s-es1 specified in board_part file is either invalid or not available
WARNING: [Board 49-26] cannot add Board Part xilinx.com:vpk120_es_revb:part0:1.0 available at C:/Xilinx/Vivado/2022.2/data/xhub/boards/XilinxBoardStore/boards/Xilinx/vpk120_revb/es/1.0/board.xml as part xcvp1202-vsva2785-2mp-e-s-es1 specified in board_part file is either invalid or not available
WARNING: [Board 49-26] cannot add Board Part xilinx.com:vpk180_es:part0:1.0 available at C:/Xilinx/Vivado/2022.2/data/xhub/boards/XilinxBoardStore/boards/Xilinx/vpk180/es/1.0/board.xml as part xcvp1802-lsvc4072-2mp-e-s-es1 specified in board_part file is either invalid or not available
WARNING: [Board 49-26] cannot add Board Part xilinx.com:zcu208ld:part0:2.0 available at C:/Xilinx/Vivado/2022.2/data/xhub/boards/XilinxBoardStore/boards/Xilinx/zcu208ld/production/2.0/board.xml as part xczu58dr-fsvg1517-2-i specified in board_part file is either invalid or not available
WARNING: [Board 49-26] cannot add Board Part xilinx.com:zcu216ld:part0:2.0 available at C:/Xilinx/Vivado/2022.2/data/xhub/boards/XilinxBoardStore/boards/Xilinx/zcu216ld/production/2.0/board.xml as part xczu59dr-ffvf1760-2-i specified in board_part file is either invalid or not available
WARNING: [Board 49-26] cannot add Board Part xilinx.com:zcu670:part0:2.0 available at C:/Xilinx/Vivado/2022.2/data/xhub/boards/XilinxBoardStore/boards/Xilinx/zcu670/2.0/board.xml as part xczu67dr-fsve1156-2-i specified in board_part file is either invalid or not available
WARNING: [Board 49-26] cannot add Board Part xilinx.com:zcu670ld:part0:1.0 available at C:/Xilinx/Vivado/2022.2/data/xhub/boards/XilinxBoardStore/boards/Xilinx/zcu670ld/1.0/board.xml as part xczu57dr-fsve1156-2-i specified in board_part file is either invalid or not available
open_project: Time (s): cpu = 00:00:13 ; elapsed = 00:00:11 . Memory (MB): peak = 1849.746 ; gain = 431.020
update_compile_order -fileset sources_1
open_hw_manager
connect_hw_server -allow_non_jtag
INFO: [Labtools 27-2285] Connecting to hw_server url TCP:localhost:3121
INFO: [Labtools 27-2222] Launching hw_server...
INFO: [Labtools 27-2221] Launch Output:

****** Xilinx hw_server v2022.2
  **** Build date : Oct 14 2022 at 05:18:10
    ** Copyright 1986-2022 Xilinx, Inc. All Rights Reserved.


INFO: [Labtools 27-3415] Connecting to cs_server url TCP:localhost:0
INFO: [Labtools 27-3417] Launching cs_server...
INFO: [Labtools 27-2221] Launch Output:


******** Xilinx cs_server v2022.2.0
  ****** Build date   : Oct 05 2022-01:25:37
    **** Build number : 2022.2.1664925937
      ** Copyright 2017-2024 Xilinx, Inc. All Rights Reserved.



open_hw_target
INFO: [Labtoolstcl 44-466] Opening hw_target localhost:3121/xilinx_tcf/Digilent/210248447641
open_hw_target: Time (s): cpu = 00:00:05 ; elapsed = 00:00:08 . Memory (MB): peak = 4020.371 ; gain = 2153.535
set_property PROGRAM.FILE {C:/Users/aless/OneDrive/Documenti/GitHub/ada/Progetto-Finale-ADA/generate_frame/generate_frame.runs/impl_1/framesMaster.bit} [get_hw_devices xc7z020_1]
current_hw_device [get_hw_devices xc7z020_1]
refresh_hw_device -update_hw_probes false [lindex [get_hw_devices xc7z020_1] 0]
INFO: [Labtools 27-1435] Device xc7z020 (JTAG device index = 1) is not programmed (DONE status = 0).
set_property PROBES.FILE {} [get_hw_devices xc7z020_1]
set_property FULL_PROBES.FILE {} [get_hw_devices xc7z020_1]
set_property PROGRAM.FILE {C:/Users/aless/OneDrive/Documenti/GitHub/ada/Progetto-Finale-ADA/generate_frame/generate_frame.runs/impl_1/framesMaster.bit} [get_hw_devices xc7z020_1]
program_hw_devices [get_hw_devices xc7z020_1]
INFO: [Labtools 27-3164] End of startup status: HIGH
refresh_hw_device [lindex [get_hw_devices xc7z020_1] 0]
INFO: [Labtools 27-1434] Device xc7z020 (JTAG device index = 1) is programmed with a design that has no supported debug core(s) in it.
reset_run synth_1
INFO: [Project 1-1161] Replacing file C:/Users/aless/OneDrive/Documenti/GitHub/ada/Progetto-Finale-ADA/generate_frame/generate_frame.srcs/utils_1/imports/synth_1/randomizer.dcp with file C:/Users/aless/OneDrive/Documenti/GitHub/ada/Progetto-Finale-ADA/generate_frame/generate_frame.runs/synth_1/framesMaster.dcp
WARNING: [Vivado 12-1017] Problems encountered:
1. Failed to delete one or more files in run directory C:/Users/aless/OneDrive/Documenti/GitHub/ada/Progetto-Finale-ADA/generate_frame/generate_frame.runs/synth_1

launch_runs impl_1 -to_step write_bitstream -jobs 16
INFO: [Vivado 12-4149] The synthesis checkpoint for IP 'C:/Users/aless/OneDrive/Documenti/GitHub/ada/Progetto-Finale-ADA/generate_frame/generate_frame.srcs/sources_1/ip/blk_mem_gen_2/blk_mem_gen_2.xci' is already up-to-date
INFO: [Vivado 12-4149] The synthesis checkpoint for IP 'C:/Users/aless/OneDrive/Documenti/GitHub/ada/Progetto-Finale-ADA/generate_frame/generate_frame.srcs/sources_1/ip/blk_mem_gen_0/blk_mem_gen_0.xci' is already up-to-date
[Wed Mar  6 10:03:05 2024] Launched synth_1...
Run output will be captured here: C:/Users/aless/OneDrive/Documenti/GitHub/ada/Progetto-Finale-ADA/generate_frame/generate_frame.runs/synth_1/runme.log
[Wed Mar  6 10:03:05 2024] Launched impl_1...
Run output will be captured here: C:/Users/aless/OneDrive/Documenti/GitHub/ada/Progetto-Finale-ADA/generate_frame/generate_frame.runs/impl_1/runme.log
set_property PROBES.FILE {} [get_hw_devices xc7z020_1]
set_property FULL_PROBES.FILE {} [get_hw_devices xc7z020_1]
set_property PROGRAM.FILE {C:/Users/aless/OneDrive/Documenti/GitHub/ada/Progetto-Finale-ADA/generate_frame/generate_frame.runs/impl_1/framesMaster.bit} [get_hw_devices xc7z020_1]
program_hw_devices [get_hw_devices xc7z020_1]
INFO: [Labtools 27-3164] End of startup status: HIGH
refresh_hw_device [lindex [get_hw_devices xc7z020_1] 0]
INFO: [Labtools 27-1434] Device xc7z020 (JTAG device index = 1) is programmed with a design that has no supported debug core(s) in it.
reset_run synth_1
INFO: [Project 1-1161] Replacing file C:/Users/aless/OneDrive/Documenti/GitHub/ada/Progetto-Finale-ADA/generate_frame/generate_frame.srcs/utils_1/imports/synth_1/randomizer.dcp with file C:/Users/aless/OneDrive/Documenti/GitHub/ada/Progetto-Finale-ADA/generate_frame/generate_frame.runs/synth_1/framesMaster.dcp
WARNING: [Vivado 12-1017] Problems encountered:
1. Failed to delete one or more files in run directory C:/Users/aless/OneDrive/Documenti/GitHub/ada/Progetto-Finale-ADA/generate_frame/generate_frame.runs/synth_1

launch_runs impl_1 -to_step write_bitstream -jobs 16
INFO: [Vivado 12-4149] The synthesis checkpoint for IP 'C:/Users/aless/OneDrive/Documenti/GitHub/ada/Progetto-Finale-ADA/generate_frame/generate_frame.srcs/sources_1/ip/blk_mem_gen_2/blk_mem_gen_2.xci' is already up-to-date
INFO: [Vivado 12-4149] The synthesis checkpoint for IP 'C:/Users/aless/OneDrive/Documenti/GitHub/ada/Progetto-Finale-ADA/generate_frame/generate_frame.srcs/sources_1/ip/blk_mem_gen_0/blk_mem_gen_0.xci' is already up-to-date
[Wed Mar  6 10:08:35 2024] Launched synth_1...
Run output will be captured here: C:/Users/aless/OneDrive/Documenti/GitHub/ada/Progetto-Finale-ADA/generate_frame/generate_frame.runs/synth_1/runme.log
[Wed Mar  6 10:08:35 2024] Launched impl_1...
Run output will be captured here: C:/Users/aless/OneDrive/Documenti/GitHub/ada/Progetto-Finale-ADA/generate_frame/generate_frame.runs/impl_1/runme.log
set_property PROBES.FILE {} [get_hw_devices xc7z020_1]
set_property FULL_PROBES.FILE {} [get_hw_devices xc7z020_1]
set_property PROGRAM.FILE {C:/Users/aless/OneDrive/Documenti/GitHub/ada/Progetto-Finale-ADA/generate_frame/generate_frame.runs/impl_1/framesMaster.bit} [get_hw_devices xc7z020_1]
program_hw_devices [get_hw_devices xc7z020_1]
INFO: [Labtools 27-3164] End of startup status: HIGH
refresh_hw_device [lindex [get_hw_devices xc7z020_1] 0]
INFO: [Labtools 27-1434] Device xc7z020 (JTAG device index = 1) is programmed with a design that has no supported debug core(s) in it.
reset_run impl_1 -prev_step 
launch_runs impl_1 -to_step write_bitstream -jobs 16
INFO: [Vivado 12-4149] The synthesis checkpoint for IP 'C:/Users/aless/OneDrive/Documenti/GitHub/ada/Progetto-Finale-ADA/generate_frame/generate_frame.srcs/sources_1/ip/blk_mem_gen_2/blk_mem_gen_2.xci' is already up-to-date
INFO: [Vivado 12-4149] The synthesis checkpoint for IP 'C:/Users/aless/OneDrive/Documenti/GitHub/ada/Progetto-Finale-ADA/generate_frame/generate_frame.srcs/sources_1/ip/blk_mem_gen_0/blk_mem_gen_0.xci' is already up-to-date
[Wed Mar  6 10:14:03 2024] Launched impl_1...
Run output will be captured here: C:/Users/aless/OneDrive/Documenti/GitHub/ada/Progetto-Finale-ADA/generate_frame/generate_frame.runs/impl_1/runme.log
set_property PROBES.FILE {} [get_hw_devices xc7z020_1]
set_property FULL_PROBES.FILE {} [get_hw_devices xc7z020_1]
set_property PROGRAM.FILE {C:/Users/aless/OneDrive/Documenti/GitHub/ada/Progetto-Finale-ADA/generate_frame/generate_frame.runs/impl_1/framesMaster.bit} [get_hw_devices xc7z020_1]
program_hw_devices [get_hw_devices xc7z020_1]
INFO: [Labtools 27-3164] End of startup status: HIGH
refresh_hw_device [lindex [get_hw_devices xc7z020_1] 0]
INFO: [Labtools 27-1434] Device xc7z020 (JTAG device index = 1) is programmed with a design that has no supported debug core(s) in it.
set_property PROBES.FILE {} [get_hw_devices xc7z020_1]
set_property FULL_PROBES.FILE {} [get_hw_devices xc7z020_1]
set_property PROGRAM.FILE {C:/Users/aless/OneDrive/Documenti/GitHub/ada/Progetto-Finale-ADA/generate_frame/generate_frame.runs/impl_1/framesMaster.bit} [get_hw_devices xc7z020_1]
program_hw_devices [get_hw_devices xc7z020_1]
INFO: [Labtools 27-3164] End of startup status: HIGH
refresh_hw_device [lindex [get_hw_devices xc7z020_1] 0]
INFO: [Labtools 27-1434] Device xc7z020 (JTAG device index = 1) is programmed with a design that has no supported debug core(s) in it.
set_property PROBES.FILE {} [get_hw_devices xc7z020_1]
set_property FULL_PROBES.FILE {} [get_hw_devices xc7z020_1]
set_property PROGRAM.FILE {C:/Users/aless/OneDrive/Documenti/GitHub/ada/Progetto-Finale-ADA/generate_frame/generate_frame.runs/impl_1/framesMaster.bit} [get_hw_devices xc7z020_1]
program_hw_devices [get_hw_devices xc7z020_1]
INFO: [Labtools 27-3164] End of startup status: HIGH
refresh_hw_device [lindex [get_hw_devices xc7z020_1] 0]
INFO: [Labtools 27-1434] Device xc7z020 (JTAG device index = 1) is programmed with a design that has no supported debug core(s) in it.
reset_run synth_1
INFO: [Project 1-1161] Replacing file C:/Users/aless/OneDrive/Documenti/GitHub/ada/Progetto-Finale-ADA/generate_frame/generate_frame.srcs/utils_1/imports/synth_1/randomizer.dcp with file C:/Users/aless/OneDrive/Documenti/GitHub/ada/Progetto-Finale-ADA/generate_frame/generate_frame.runs/synth_1/framesMaster.dcp
WARNING: [Vivado 12-1017] Problems encountered:
1. Failed to delete one or more files in run directory C:/Users/aless/OneDrive/Documenti/GitHub/ada/Progetto-Finale-ADA/generate_frame/generate_frame.runs/synth_1

launch_runs impl_1 -to_step write_bitstream -jobs 16
INFO: [Vivado 12-4149] The synthesis checkpoint for IP 'C:/Users/aless/OneDrive/Documenti/GitHub/ada/Progetto-Finale-ADA/generate_frame/generate_frame.srcs/sources_1/ip/blk_mem_gen_2/blk_mem_gen_2.xci' is already up-to-date
INFO: [Vivado 12-4149] The synthesis checkpoint for IP 'C:/Users/aless/OneDrive/Documenti/GitHub/ada/Progetto-Finale-ADA/generate_frame/generate_frame.srcs/sources_1/ip/blk_mem_gen_0/blk_mem_gen_0.xci' is already up-to-date
[Wed Mar  6 10:18:07 2024] Launched synth_1...
Run output will be captured here: C:/Users/aless/OneDrive/Documenti/GitHub/ada/Progetto-Finale-ADA/generate_frame/generate_frame.runs/synth_1/runme.log
[Wed Mar  6 10:18:07 2024] Launched impl_1...
Run output will be captured here: C:/Users/aless/OneDrive/Documenti/GitHub/ada/Progetto-Finale-ADA/generate_frame/generate_frame.runs/impl_1/runme.log
set_property PROBES.FILE {} [get_hw_devices xc7z020_1]
set_property FULL_PROBES.FILE {} [get_hw_devices xc7z020_1]
set_property PROGRAM.FILE {C:/Users/aless/OneDrive/Documenti/GitHub/ada/Progetto-Finale-ADA/generate_frame/generate_frame.runs/impl_1/framesMaster.bit} [get_hw_devices xc7z020_1]
program_hw_devices [get_hw_devices xc7z020_1]
INFO: [Labtools 27-3164] End of startup status: HIGH
refresh_hw_device [lindex [get_hw_devices xc7z020_1] 0]
INFO: [Labtools 27-1434] Device xc7z020 (JTAG device index = 1) is programmed with a design that has no supported debug core(s) in it.
export_ip_user_files -of_objects  [get_files C:/Users/aless/OneDrive/Documenti/GitHub/ada/Progetto-Finale-ADA/angel.coe] -no_script -reset -force -quiet
remove_files  C:/Users/aless/OneDrive/Documenti/GitHub/ada/Progetto-Finale-ADA/angel.coe
WARNING: [IP_Flow 19-4067] Ignoring invalid widget type specified checkbox.Providing a default widget
WARNING: [IP_Flow 19-4067] Ignoring invalid widget type specified checkbox.Providing a default widget
INFO: [IP_Flow 19-3484] Absolute path of file 'c:/Users/aless/OneDrive/Documenti/GitHub/ada/Progetto-Finale-ADA/angel.coe' provided. It will be converted relative to IP Instance files '../../../../../angel.coe'
set_property CONFIG.Coe_File {C:/Users/aless/OneDrive/Documenti/GitHub/ada/Progetto-Finale-ADA/angel.coe} [get_ips blk_mem_gen_1]
INFO: [IP_Flow 19-3484] Absolute path of file 'c:/Users/aless/OneDrive/Documenti/GitHub/ada/Progetto-Finale-ADA/angel.coe' provided. It will be converted relative to IP Instance files '../../../../../angel.coe'
generate_target all [get_files  C:/Users/aless/OneDrive/Documenti/GitHub/ada/Progetto-Finale-ADA/generate_frame/generate_frame.srcs/sources_1/ip/blk_mem_gen_1/blk_mem_gen_1.xci]
INFO: [IP_Flow 19-1686] Generating 'Instantiation Template' target for IP 'blk_mem_gen_1'...
INFO: [IP_Flow 19-1686] Generating 'Synthesis' target for IP 'blk_mem_gen_1'...
INFO: [IP_Flow 19-1686] Generating 'Simulation' target for IP 'blk_mem_gen_1'...
INFO: [IP_Flow 19-1686] Generating 'Miscellaneous' target for IP 'blk_mem_gen_1'...
INFO: [IP_Flow 19-1686] Generating 'Change Log' target for IP 'blk_mem_gen_1'...
catch { config_ip_cache -export [get_ips -all blk_mem_gen_1] }
INFO: [IP_Flow 19-6924] IPCACHE: Running cache check for IP inst: blk_mem_gen_1
export_ip_user_files -of_objects [get_files C:/Users/aless/OneDrive/Documenti/GitHub/ada/Progetto-Finale-ADA/generate_frame/generate_frame.srcs/sources_1/ip/blk_mem_gen_1/blk_mem_gen_1.xci] -no_script -sync -force -quiet
reset_run blk_mem_gen_1_synth_1
WARNING: [Vivado 12-1017] Problems encountered:
1. Failed to delete one or more files in run directory C:/Users/aless/OneDrive/Documenti/GitHub/ada/Progetto-Finale-ADA/generate_frame/generate_frame.runs/blk_mem_gen_1_synth_1

launch_runs blk_mem_gen_1_synth_1 -jobs 16
INFO: [IP_Flow 19-6924] IPCACHE: Running cache check for IP inst: blk_mem_gen_1
[Wed Mar  6 10:40:33 2024] Launched blk_mem_gen_1_synth_1...
Run output will be captured here: C:/Users/aless/OneDrive/Documenti/GitHub/ada/Progetto-Finale-ADA/generate_frame/generate_frame.runs/blk_mem_gen_1_synth_1/runme.log
export_simulation -of_objects [get_files C:/Users/aless/OneDrive/Documenti/GitHub/ada/Progetto-Finale-ADA/generate_frame/generate_frame.srcs/sources_1/ip/blk_mem_gen_1/blk_mem_gen_1.xci] -directory C:/Users/aless/OneDrive/Documenti/GitHub/ada/Progetto-Finale-ADA/generate_frame/generate_frame.ip_user_files/sim_scripts -ip_user_files_dir C:/Users/aless/OneDrive/Documenti/GitHub/ada/Progetto-Finale-ADA/generate_frame/generate_frame.ip_user_files -ipstatic_source_dir C:/Users/aless/OneDrive/Documenti/GitHub/ada/Progetto-Finale-ADA/generate_frame/generate_frame.ip_user_files/ipstatic -lib_map_path [list {modelsim=C:/Users/aless/OneDrive/Documenti/GitHub/ada/Progetto-Finale-ADA/generate_frame/generate_frame.cache/compile_simlib/modelsim} {questa=C:/Users/aless/OneDrive/Documenti/GitHub/ada/Progetto-Finale-ADA/generate_frame/generate_frame.cache/compile_simlib/questa} {riviera=C:/Users/aless/OneDrive/Documenti/GitHub/ada/Progetto-Finale-ADA/generate_frame/generate_frame.cache/compile_simlib/riviera} {activehdl=C:/Users/aless/OneDrive/Documenti/GitHub/ada/Progetto-Finale-ADA/generate_frame/generate_frame.cache/compile_simlib/activehdl}] -use_ip_compiled_libs -force -quiet
reset_run synth_1
INFO: [Project 1-1161] Replacing file C:/Users/aless/OneDrive/Documenti/GitHub/ada/Progetto-Finale-ADA/generate_frame/generate_frame.srcs/utils_1/imports/synth_1/randomizer.dcp with file C:/Users/aless/OneDrive/Documenti/GitHub/ada/Progetto-Finale-ADA/generate_frame/generate_frame.runs/synth_1/framesMaster.dcp
WARNING: [Vivado 12-1017] Problems encountered:
1. Failed to delete one or more files in run directory C:/Users/aless/OneDrive/Documenti/GitHub/ada/Progetto-Finale-ADA/generate_frame/generate_frame.runs/synth_1

launch_runs impl_1 -to_step write_bitstream -jobs 16
INFO: [Vivado 12-4149] The synthesis checkpoint for IP 'C:/Users/aless/OneDrive/Documenti/GitHub/ada/Progetto-Finale-ADA/generate_frame/generate_frame.srcs/sources_1/ip/blk_mem_gen_2/blk_mem_gen_2.xci' is already up-to-date
INFO: [Vivado 12-4149] The synthesis checkpoint for IP 'C:/Users/aless/OneDrive/Documenti/GitHub/ada/Progetto-Finale-ADA/generate_frame/generate_frame.srcs/sources_1/ip/blk_mem_gen_0/blk_mem_gen_0.xci' is already up-to-date
[Wed Mar  6 10:42:34 2024] Launched synth_1...
Run output will be captured here: C:/Users/aless/OneDrive/Documenti/GitHub/ada/Progetto-Finale-ADA/generate_frame/generate_frame.runs/synth_1/runme.log
[Wed Mar  6 10:42:34 2024] Launched impl_1...
Run output will be captured here: C:/Users/aless/OneDrive/Documenti/GitHub/ada/Progetto-Finale-ADA/generate_frame/generate_frame.runs/impl_1/runme.log
set_property PROBES.FILE {} [get_hw_devices xc7z020_1]
set_property FULL_PROBES.FILE {} [get_hw_devices xc7z020_1]
set_property PROGRAM.FILE {C:/Users/aless/OneDrive/Documenti/GitHub/ada/Progetto-Finale-ADA/generate_frame/generate_frame.runs/impl_1/framesMaster.bit} [get_hw_devices xc7z020_1]
program_hw_devices [get_hw_devices xc7z020_1]
INFO: [Labtools 27-3164] End of startup status: HIGH
refresh_hw_device [lindex [get_hw_devices xc7z020_1] 0]
INFO: [Labtools 27-1434] Device xc7z020 (JTAG device index = 1) is programmed with a design that has no supported debug core(s) in it.
reset_run synth_1
INFO: [Project 1-1161] Replacing file C:/Users/aless/OneDrive/Documenti/GitHub/ada/Progetto-Finale-ADA/generate_frame/generate_frame.srcs/utils_1/imports/synth_1/randomizer.dcp with file C:/Users/aless/OneDrive/Documenti/GitHub/ada/Progetto-Finale-ADA/generate_frame/generate_frame.runs/synth_1/framesMaster.dcp
WARNING: [Vivado 12-1017] Problems encountered:
1. Failed to delete one or more files in run directory C:/Users/aless/OneDrive/Documenti/GitHub/ada/Progetto-Finale-ADA/generate_frame/generate_frame.runs/synth_1

launch_runs impl_1 -to_step write_bitstream -jobs 16
INFO: [Vivado 12-4149] The synthesis checkpoint for IP 'C:/Users/aless/OneDrive/Documenti/GitHub/ada/Progetto-Finale-ADA/generate_frame/generate_frame.srcs/sources_1/ip/blk_mem_gen_2/blk_mem_gen_2.xci' is already up-to-date
INFO: [Vivado 12-4149] The synthesis checkpoint for IP 'C:/Users/aless/OneDrive/Documenti/GitHub/ada/Progetto-Finale-ADA/generate_frame/generate_frame.srcs/sources_1/ip/blk_mem_gen_0/blk_mem_gen_0.xci' is already up-to-date
[Wed Mar  6 10:51:39 2024] Launched synth_1...
Run output will be captured here: C:/Users/aless/OneDrive/Documenti/GitHub/ada/Progetto-Finale-ADA/generate_frame/generate_frame.runs/synth_1/runme.log
[Wed Mar  6 10:51:39 2024] Launched impl_1...
Run output will be captured here: C:/Users/aless/OneDrive/Documenti/GitHub/ada/Progetto-Finale-ADA/generate_frame/generate_frame.runs/impl_1/runme.log
set_property PROBES.FILE {} [get_hw_devices xc7z020_1]
set_property FULL_PROBES.FILE {} [get_hw_devices xc7z020_1]
set_property PROGRAM.FILE {C:/Users/aless/OneDrive/Documenti/GitHub/ada/Progetto-Finale-ADA/generate_frame/generate_frame.runs/impl_1/framesMaster.bit} [get_hw_devices xc7z020_1]
program_hw_devices [get_hw_devices xc7z020_1]
INFO: [Labtools 27-3164] End of startup status: HIGH
refresh_hw_device [lindex [get_hw_devices xc7z020_1] 0]
INFO: [Labtools 27-1434] Device xc7z020 (JTAG device index = 1) is programmed with a design that has no supported debug core(s) in it.
reset_run synth_1
INFO: [Project 1-1161] Replacing file C:/Users/aless/OneDrive/Documenti/GitHub/ada/Progetto-Finale-ADA/generate_frame/generate_frame.srcs/utils_1/imports/synth_1/randomizer.dcp with file C:/Users/aless/OneDrive/Documenti/GitHub/ada/Progetto-Finale-ADA/generate_frame/generate_frame.runs/synth_1/framesMaster.dcp
WARNING: [Vivado 12-1017] Problems encountered:
1. Failed to delete one or more files in run directory C:/Users/aless/OneDrive/Documenti/GitHub/ada/Progetto-Finale-ADA/generate_frame/generate_frame.runs/synth_1

launch_runs impl_1 -to_step write_bitstream -jobs 16
INFO: [Vivado 12-4149] The synthesis checkpoint for IP 'C:/Users/aless/OneDrive/Documenti/GitHub/ada/Progetto-Finale-ADA/generate_frame/generate_frame.srcs/sources_1/ip/blk_mem_gen_2/blk_mem_gen_2.xci' is already up-to-date
INFO: [Vivado 12-4149] The synthesis checkpoint for IP 'C:/Users/aless/OneDrive/Documenti/GitHub/ada/Progetto-Finale-ADA/generate_frame/generate_frame.srcs/sources_1/ip/blk_mem_gen_0/blk_mem_gen_0.xci' is already up-to-date
[Wed Mar  6 10:57:26 2024] Launched synth_1...
Run output will be captured here: C:/Users/aless/OneDrive/Documenti/GitHub/ada/Progetto-Finale-ADA/generate_frame/generate_frame.runs/synth_1/runme.log
[Wed Mar  6 10:57:26 2024] Launched impl_1...
Run output will be captured here: C:/Users/aless/OneDrive/Documenti/GitHub/ada/Progetto-Finale-ADA/generate_frame/generate_frame.runs/impl_1/runme.log
set_property PROBES.FILE {} [get_hw_devices xc7z020_1]
set_property FULL_PROBES.FILE {} [get_hw_devices xc7z020_1]
set_property PROGRAM.FILE {C:/Users/aless/OneDrive/Documenti/GitHub/ada/Progetto-Finale-ADA/generate_frame/generate_frame.runs/impl_1/framesMaster.bit} [get_hw_devices xc7z020_1]
program_hw_devices [get_hw_devices xc7z020_1]
INFO: [Labtools 27-3164] End of startup status: HIGH
refresh_hw_device [lindex [get_hw_devices xc7z020_1] 0]
INFO: [Labtools 27-1434] Device xc7z020 (JTAG device index = 1) is programmed with a design that has no supported debug core(s) in it.
reset_run synth_1
INFO: [Project 1-1161] Replacing file C:/Users/aless/OneDrive/Documenti/GitHub/ada/Progetto-Finale-ADA/generate_frame/generate_frame.srcs/utils_1/imports/synth_1/randomizer.dcp with file C:/Users/aless/OneDrive/Documenti/GitHub/ada/Progetto-Finale-ADA/generate_frame/generate_frame.runs/synth_1/framesMaster.dcp
WARNING: [Vivado 12-1017] Problems encountered:
1. Failed to delete one or more files in run directory C:/Users/aless/OneDrive/Documenti/GitHub/ada/Progetto-Finale-ADA/generate_frame/generate_frame.runs/synth_1

launch_runs impl_1 -to_step write_bitstream -jobs 16
INFO: [Vivado 12-4149] The synthesis checkpoint for IP 'C:/Users/aless/OneDrive/Documenti/GitHub/ada/Progetto-Finale-ADA/generate_frame/generate_frame.srcs/sources_1/ip/blk_mem_gen_2/blk_mem_gen_2.xci' is already up-to-date
INFO: [Vivado 12-4149] The synthesis checkpoint for IP 'C:/Users/aless/OneDrive/Documenti/GitHub/ada/Progetto-Finale-ADA/generate_frame/generate_frame.srcs/sources_1/ip/blk_mem_gen_0/blk_mem_gen_0.xci' is already up-to-date
[Wed Mar  6 11:05:26 2024] Launched synth_1...
Run output will be captured here: C:/Users/aless/OneDrive/Documenti/GitHub/ada/Progetto-Finale-ADA/generate_frame/generate_frame.runs/synth_1/runme.log
[Wed Mar  6 11:05:26 2024] Launched impl_1...
Run output will be captured here: C:/Users/aless/OneDrive/Documenti/GitHub/ada/Progetto-Finale-ADA/generate_frame/generate_frame.runs/impl_1/runme.log
set_property PROBES.FILE {} [get_hw_devices xc7z020_1]
set_property FULL_PROBES.FILE {} [get_hw_devices xc7z020_1]
set_property PROGRAM.FILE {C:/Users/aless/OneDrive/Documenti/GitHub/ada/Progetto-Finale-ADA/generate_frame/generate_frame.runs/impl_1/framesMaster.bit} [get_hw_devices xc7z020_1]
program_hw_devices [get_hw_devices xc7z020_1]
INFO: [Labtools 27-3164] End of startup status: HIGH
refresh_hw_device [lindex [get_hw_devices xc7z020_1] 0]
INFO: [Labtools 27-1434] Device xc7z020 (JTAG device index = 1) is programmed with a design that has no supported debug core(s) in it.
reset_run synth_1
INFO: [Project 1-1161] Replacing file C:/Users/aless/OneDrive/Documenti/GitHub/ada/Progetto-Finale-ADA/generate_frame/generate_frame.srcs/utils_1/imports/synth_1/randomizer.dcp with file C:/Users/aless/OneDrive/Documenti/GitHub/ada/Progetto-Finale-ADA/generate_frame/generate_frame.runs/synth_1/framesMaster.dcp
WARNING: [Vivado 12-1017] Problems encountered:
1. Failed to delete one or more files in run directory C:/Users/aless/OneDrive/Documenti/GitHub/ada/Progetto-Finale-ADA/generate_frame/generate_frame.runs/synth_1

launch_runs impl_1 -to_step write_bitstream -jobs 16
INFO: [Vivado 12-4149] The synthesis checkpoint for IP 'C:/Users/aless/OneDrive/Documenti/GitHub/ada/Progetto-Finale-ADA/generate_frame/generate_frame.srcs/sources_1/ip/blk_mem_gen_2/blk_mem_gen_2.xci' is already up-to-date
INFO: [Vivado 12-4149] The synthesis checkpoint for IP 'C:/Users/aless/OneDrive/Documenti/GitHub/ada/Progetto-Finale-ADA/generate_frame/generate_frame.srcs/sources_1/ip/blk_mem_gen_0/blk_mem_gen_0.xci' is already up-to-date
[Wed Mar  6 11:34:14 2024] Launched synth_1...
Run output will be captured here: C:/Users/aless/OneDrive/Documenti/GitHub/ada/Progetto-Finale-ADA/generate_frame/generate_frame.runs/synth_1/runme.log
[Wed Mar  6 11:34:14 2024] Launched impl_1...
Run output will be captured here: C:/Users/aless/OneDrive/Documenti/GitHub/ada/Progetto-Finale-ADA/generate_frame/generate_frame.runs/impl_1/runme.log
set_property PROBES.FILE {} [get_hw_devices xc7z020_1]
set_property FULL_PROBES.FILE {} [get_hw_devices xc7z020_1]
set_property PROGRAM.FILE {C:/Users/aless/OneDrive/Documenti/GitHub/ada/Progetto-Finale-ADA/generate_frame/generate_frame.runs/impl_1/framesMaster.bit} [get_hw_devices xc7z020_1]
program_hw_devices [get_hw_devices xc7z020_1]
INFO: [Labtools 27-3164] End of startup status: HIGH
refresh_hw_device [lindex [get_hw_devices xc7z020_1] 0]
INFO: [Labtools 27-1434] Device xc7z020 (JTAG device index = 1) is programmed with a design that has no supported debug core(s) in it.
reset_run synth_1
INFO: [Project 1-1161] Replacing file C:/Users/aless/OneDrive/Documenti/GitHub/ada/Progetto-Finale-ADA/generate_frame/generate_frame.srcs/utils_1/imports/synth_1/randomizer.dcp with file C:/Users/aless/OneDrive/Documenti/GitHub/ada/Progetto-Finale-ADA/generate_frame/generate_frame.runs/synth_1/framesMaster.dcp
WARNING: [Vivado 12-1017] Problems encountered:
1. Failed to delete one or more files in run directory C:/Users/aless/OneDrive/Documenti/GitHub/ada/Progetto-Finale-ADA/generate_frame/generate_frame.runs/synth_1

launch_runs impl_1 -to_step write_bitstream -jobs 16
INFO: [Vivado 12-4149] The synthesis checkpoint for IP 'C:/Users/aless/OneDrive/Documenti/GitHub/ada/Progetto-Finale-ADA/generate_frame/generate_frame.srcs/sources_1/ip/blk_mem_gen_2/blk_mem_gen_2.xci' is already up-to-date
INFO: [Vivado 12-4149] The synthesis checkpoint for IP 'C:/Users/aless/OneDrive/Documenti/GitHub/ada/Progetto-Finale-ADA/generate_frame/generate_frame.srcs/sources_1/ip/blk_mem_gen_0/blk_mem_gen_0.xci' is already up-to-date
[Wed Mar  6 11:38:12 2024] Launched synth_1...
Run output will be captured here: C:/Users/aless/OneDrive/Documenti/GitHub/ada/Progetto-Finale-ADA/generate_frame/generate_frame.runs/synth_1/runme.log
[Wed Mar  6 11:38:12 2024] Launched impl_1...
Run output will be captured here: C:/Users/aless/OneDrive/Documenti/GitHub/ada/Progetto-Finale-ADA/generate_frame/generate_frame.runs/impl_1/runme.log
set_property PROBES.FILE {} [get_hw_devices xc7z020_1]
set_property FULL_PROBES.FILE {} [get_hw_devices xc7z020_1]
set_property PROGRAM.FILE {C:/Users/aless/OneDrive/Documenti/GitHub/ada/Progetto-Finale-ADA/generate_frame/generate_frame.runs/impl_1/framesMaster.bit} [get_hw_devices xc7z020_1]
program_hw_devices [get_hw_devices xc7z020_1]
INFO: [Labtools 27-3164] End of startup status: HIGH
refresh_hw_device [lindex [get_hw_devices xc7z020_1] 0]
INFO: [Labtools 27-1434] Device xc7z020 (JTAG device index = 1) is programmed with a design that has no supported debug core(s) in it.
ERROR: [Labtoolstcl 44-513] HW Target shutdown. Closing target: localhost:3121/xilinx_tcf/Digilent/210248447641
