Copyright 1986-2022 Xilinx, Inc. All Rights Reserved.
------------------------------------------------------------------------------------
| Tool Version : Vivado v.2022.2 (win64) Build 3671981 Fri Oct 14 05:00:03 MDT 2022
| Date         : Sun Mar 17 09:13:36 2024
| Host         : LAPTOP-ESNLEJG4 running 64-bit major release  (build 9200)
| Command      : report_control_sets -verbose -file master_control_sets_placed.rpt
| Design       : master
| Device       : xc7z020
------------------------------------------------------------------------------------

Control Set Information

Table of Contents
-----------------
1. Summary
2. Histogram
3. Flip-Flop Distribution
4. Detailed Control Set Information

1. Summary
----------

+----------------------------------------------------------+-------+
|                          Status                          | Count |
+----------------------------------------------------------+-------+
| Total control sets                                       |    85 |
|    Minimum number of control sets                        |    85 |
|    Addition due to synthesis replication                 |     0 |
|    Addition due to physical synthesis replication        |     0 |
| Unused register locations in slices containing registers |   231 |
+----------------------------------------------------------+-------+
* Control sets can be merged at opt_design using control_set_merge or merge_equivalent_drivers
** Run report_qor_suggestions for automated merging and remapping suggestions


2. Histogram
------------

+--------------------+-------+
|       Fanout       | Count |
+--------------------+-------+
| Total control sets |    85 |
| >= 0 to < 4        |     7 |
| >= 4 to < 6        |    13 |
| >= 6 to < 8        |     8 |
| >= 8 to < 10       |     9 |
| >= 10 to < 12      |     3 |
| >= 12 to < 14      |     7 |
| >= 14 to < 16      |     2 |
| >= 16              |    36 |
+--------------------+-------+
* Control sets can be remapped at either synth_design or opt_design


3. Flip-Flop Distribution
-------------------------

+--------------+-----------------------+------------------------+-----------------+--------------+
| Clock Enable | Synchronous Set/Reset | Asynchronous Set/Reset | Total Registers | Total Slices |
+--------------+-----------------------+------------------------+-----------------+--------------+
| No           | No                    | No                     |            1636 |          406 |
| No           | No                    | Yes                    |              11 |            6 |
| No           | Yes                   | No                     |             586 |          148 |
| Yes          | No                    | No                     |             577 |          190 |
| Yes          | No                    | Yes                    |              36 |            6 |
| Yes          | Yes                   | No                     |             299 |           89 |
+--------------+-----------------------+------------------------+-----------------+--------------+


4. Detailed Control Set Information
-----------------------------------

+-------------------------------------+----------------------------------------------------------------------------------------------+---------------------------------------------------------------------------------------------------------------------------------------------------------------------+------------------+----------------+--------------+
|             Clock Signal            |                                         Enable Signal                                        |                                                                           Set/Reset Signal                                                                          | Slice Load Count | Bel Load Count | Bels / Slice |
+-------------------------------------+----------------------------------------------------------------------------------------------+---------------------------------------------------------------------------------------------------------------------------------------------------------------------+------------------+----------------+--------------+
|  screen/clk25/clk50mhz              |                                                                                              |                                                                                                                                                                     |                1 |              1 |         1.00 |
|  clk_IBUF_BUFG                      | screen/outMaster/genFrame_i_1_n_0                                                            | screen/outMaster/genFrame0                                                                                                                                          |                1 |              1 |         1.00 |
|  clk_IBUF_BUFG                      |                                                                                              | movement/mover/calculator/inst/i_synth/FMA_OP.OP/addsub/add/EXP/conv_exp.downsize_exp/flow_up_rnd1                                                                  |                1 |              1 |         1.00 |
|  clk25mhz                           | screen/vga/v_rn                                                                              |                                                                                                                                                                     |                1 |              1 |         1.00 |
|  clk25mhz                           |                                                                                              |                                                                                                                                                                     |                2 |              2 |         1.00 |
|  clk_IBUF_BUFG                      | movement/accelerometer/spi_master/counter_reg[0]_0[0]                                        |                                                                                                                                                                     |                1 |              3 |         3.00 |
|  clk_IBUF_BUFG                      | movement/accelerometer/spi_master/E[0]                                                       |                                                                                                                                                                     |                1 |              3 |         3.00 |
|  clk_IBUF_BUFG                      | movement/accelerometer/spi_master/state_reg[2][0]                                            |                                                                                                                                                                     |                1 |              4 |         4.00 |
|  clk_IBUF_BUFG                      | screen/sDesigner/row                                                                         |                                                                                                                                                                     |                2 |              4 |         2.00 |
|  clk_IBUF_BUFG                      |                                                                                              | movement/mover/calculator/inst/i_synth/FMA_OP.OP/addsub/add/ALIGN_BLK/aligner.ALIGN_SHIFT/ALIGN_Z_D/MUX_LOOP[1].SKEW_DIST_DEL.DEL_DIST/i_pipe/ext_del_distance_2[0] |                1 |              4 |         4.00 |
|  clk_IBUF_BUFG                      |                                                                                              | movement/mover/calculator/inst/i_synth/FMA_OP.OP/addsub/add/NORM/LZE/ENCODE[0].MUX_Z/OP_DEL/i_pipe/opt_has_pipe.first_q_reg[0]_0                                    |                2 |              4 |         2.00 |
|  clk_IBUF_BUFG                      |                                                                                              | movement/mover/calculator/inst/i_synth/FMA_OP.OP/addsub/add/NORM/LZE/ENCODE[0].MUX_Z/OP_DEL/i_pipe/opt_has_pipe.first_q[1]                                          |                1 |              4 |         4.00 |
|  clk_IBUF_BUFG                      | screen/outMaster/FSM_onehot_state[3]_i_1_n_0                                                 |                                                                                                                                                                     |                2 |              4 |         2.00 |
|  clk_IBUF_BUFG                      | screen/outMaster/HCounter[9]_i_1_n_0                                                         |                                                                                                                                                                     |                2 |              4 |         2.00 |
|  clk_IBUF_BUFG                      |                                                                                              | movement/mover/converterFloat2Fixed/inst/i_synth/FLT_TO_FIX_OP.SPD.OP/ALIGN_SHIFT/MUX_LOOP[1].SKEW_DIST_DEL.DEL_DIST/i_pipe/opt_has_pipe.first_q_reg[1]_0           |                1 |              4 |         4.00 |
|  clk_IBUF_BUFG                      |                                                                                              | movement/mover/converterFloat2Fixed/inst/i_synth/FLT_TO_FIX_OP.SPD.OP/ALIGN_SHIFT/MUX_LOOP[1].SKEW_DIST_DEL.DEL_DIST/i_pipe/opt_has_pipe.first_q_reg[1]_1           |                1 |              4 |         4.00 |
|  clk_IBUF_BUFG                      | screen/outMaster/bigRow[4]_i_2_n_0                                                           | screen/outMaster/bigRow[4]_i_1_n_0                                                                                                                                  |                1 |              5 |         5.00 |
|  clk_IBUF_BUFG                      | screen/sDesigner/entCount                                                                    | screen/sDesigner/CEB2                                                                                                                                               |                2 |              5 |         2.50 |
|  clk_IBUF_BUFG                      | screen/sDesigner/CEB2                                                                        | screen/sDesigner/vCount[5]_i_1_n_0                                                                                                                                  |                2 |              5 |         2.50 |
|  clk_IBUF_BUFG                      | movement/accelerometer/spi_master/toggles[4]_i_2_n_0                                         | movement/accelerometer/spi_master/toggles[4]_i_1_n_0                                                                                                                |                2 |              5 |         2.50 |
|  clk_IBUF_BUFG                      | screen/outMaster/HCounter[9]_i_1_n_0                                                         | screen/outMaster/HCounter[5]_i_1_n_0                                                                                                                                |                1 |              6 |         6.00 |
|  clk_IBUF_BUFG                      | screen/sDesigner/vData[10]_i_2_n_0                                                           | screen/sDesigner/vData[11]_i_1_n_0                                                                                                                                  |                3 |              6 |         2.00 |
|  clk_IBUF_BUFG                      | movement/accelerometer/spi_master/state_reg[1][0]                                            | movement/accelerometer/spi_master/reset                                                                                                                             |                1 |              6 |         6.00 |
|  clk_IBUF_BUFG                      | screen/dStruct/FSM_sequential_state_reg_n_0_[0]                                              | screen/dStruct/data[11]_i_1_n_0                                                                                                                                     |                1 |              6 |         6.00 |
|  clk_IBUF_BUFG                      | screen/sDesigner/vData[10]_i_2_n_0                                                           | screen/sDesigner/vData[10]_i_1_n_0                                                                                                                                  |                4 |              6 |         1.50 |
|  clk_IBUF_BUFG                      | screen/sDesigner/eAddr[13]_i_1_n_0                                                           | screen/sDesigner/eAddr[7]_i_1_n_0                                                                                                                                   |                2 |              7 |         3.50 |
|  clk_IBUF_BUFG                      | screen/outMaster/enb                                                                         |                                                                                                                                                                     |                4 |              7 |         1.75 |
|  clk_IBUF_BUFG                      | screen/sDesigner/eAddr[13]_i_1_n_0                                                           |                                                                                                                                                                     |                3 |              7 |         2.33 |
|  clk_IBUF_BUFG                      | movement/mover/fi2flData[63]_i_2_n_0                                                         | movement/mover/fi2flData[63]_i_1_n_0                                                                                                                                |                3 |              8 |         2.67 |
|  clk_IBUF_BUFG                      | movement/accelerometer/spi_master/counter_reg[0]_0[1]                                        |                                                                                                                                                                     |                2 |              8 |         4.00 |
|  clk_IBUF_BUFG                      | movement/accelerometer/spi_master/E[1]                                                       |                                                                                                                                                                     |                1 |              8 |         8.00 |
|  clk_IBUF_BUFG                      | movement/accelerometer/spi_master/in_buffer0                                                 |                                                                                                                                                                     |                4 |              8 |         2.00 |
|  clk_IBUF_BUFG                      | movement/atan/cordic/U0/i_synth/i_synth/gen_cordic.output_stage/gen_rotation.gen_rdy_cr/E[0] | movement/atan/cordic/U0/i_synth/i_has_aresetn.i_reg_reset/opt_has_pipe.first_q                                                                                      |                2 |              8 |         4.00 |
|  clk_IBUF_BUFG                      | movement/accelerometer/spi_master/receive[7]_i_1_n_0                                         | movement/accelerometer/spi_master/reset                                                                                                                             |                2 |              8 |         4.00 |
|  clk_IBUF_BUFG                      | movement/accelerometer/spi_master/out_buffer0                                                |                                                                                                                                                                     |                2 |              8 |         4.00 |
|  clk_IBUF_BUFG                      |                                                                                              | movement/mover/converterFixed2Float/inst/i_synth/FIX_TO_FLT_OP.SPD.OP/LZE/ZERO_DET_CC_1/norm_dist_skew[1]                                                           |                3 |              9 |         3.00 |
|  clk_IBUF_BUFG                      |                                                                                              | movement/mover/converterFloat2Fixed/inst/i_synth/FLT_TO_FIX_OP.SPD.OP/ALIGN_DIST_DEL/DEL/i_pipe/Q[1]                                                                |                2 |              9 |         4.50 |
|  clk_IBUF_BUFG                      | screen/outMaster/angelCount[11]_i_2_n_0                                                      | screen/outMaster/angelCount[11]_i_1_n_0                                                                                                                             |                3 |             11 |         3.67 |
|  clk_IBUF_BUFG                      |                                                                                              | movement/accelerometer/spi_master/reset                                                                                                                             |                6 |             11 |         1.83 |
|  clk_IBUF_BUFG                      | screen/collision/currRow                                                                     |                                                                                                                                                                     |                5 |             11 |         2.20 |
|  movement/atan/angle_reg[7]_i_2_n_0 |                                                                                              |                                                                                                                                                                     |                5 |             12 |         2.40 |
|  clk_IBUF_BUFG                      | screen/outMaster/r[3]_i_1_n_0                                                                |                                                                                                                                                                     |                9 |             12 |         1.33 |
|  clk25mhz                           |                                                                                              | screen/vga/red[3]_i_1_n_0                                                                                                                                           |                7 |             12 |         1.71 |
|  clk_IBUF_BUFG                      | screen/sDesigner/count[13]_i_2_n_0                                                           | screen/sDesigner/count[13]_i_1_n_0                                                                                                                                  |                4 |             13 |         3.25 |
|  clk_IBUF_BUFG                      | screen/vga/E[0]                                                                              |                                                                                                                                                                     |                5 |             13 |         2.60 |
|  clk_IBUF_BUFG                      | screen/sDesigner/entCount                                                                    |                                                                                                                                                                     |                4 |             13 |         3.25 |
|  clk_IBUF_BUFG                      | screen/outMaster/deathCount[13]_i_2_n_0                                                      | screen/outMaster/deathCount[13]_i_1_n_0                                                                                                                             |                4 |             13 |         3.25 |
|  clk_IBUF_BUFG                      | screen/outMaster/deathAddr                                                                   |                                                                                                                                                                     |                2 |             14 |         7.00 |
|  clk_IBUF_BUFG                      |                                                                                              | movement/mover/converterFloat2Fixed/inst/i_synth/FLT_TO_FIX_OP.SPD.OP/ALIGN_DIST_DEL/DEL/i_pipe/opt_has_pipe.first_q_reg[5]_0                                       |                2 |             15 |         7.50 |
|  clk_IBUF_BUFG                      |                                                                                              | movement/mover/converterFloat2Fixed/inst/i_synth/FLT_TO_FIX_OP.SPD.OP/ALIGN_DIST_DEL/DEL/i_pipe/Q[2]                                                                |                3 |             16 |         5.33 |
|  clk_IBUF_BUFG                      |                                                                                              | movement/mover/calculator/inst/i_synth/FMA_OP.OP/addsub/add/ALIGN_BLK/ABS_DELAY/i_pipe/opt_has_pipe.first_q_reg[5]_0                                                |                4 |             16 |         4.00 |
|  clk_IBUF_BUFG                      |                                                                                              | movement/mover/calculator/inst/i_synth/FMA_OP.OP/addsub/add/ALIGN_BLK/ABS_DELAY/i_pipe/opt_has_pipe.first_q[5]                                                      |                6 |             16 |         2.67 |
|  clk_IBUF_BUFG                      |                                                                                              | movement/mover/calculator/inst/i_synth/FMA_OP.OP/addsub/add/NORM/LZE/ZERO_DET_CC_1/CHAIN_GEN[3].CARRYS_DEL.NEED_DEL.CARRYS_FD_0                                     |                4 |             16 |         4.00 |
|  clk_IBUF_BUFG                      |                                                                                              | movement/mover/calculator/inst/i_synth/FMA_OP.OP/addsub/add/NORM/LZE/ZERO_DET_CC_1/CARRYS_OUT[1]                                                                    |                4 |             16 |         4.00 |
|  clk_IBUF_BUFG                      |                                                                                              | movement/mover/converterFloat2Fixed/inst/i_synth/FLT_TO_FIX_OP.SPD.OP/ALIGN_DIST_DEL/DEL/i_pipe/opt_has_pipe.first_q_reg[5]_9                                       |                3 |             16 |         5.33 |
|  clk_IBUF_BUFG                      | screen/outMaster/memCounter[16]_i_2_n_0                                                      | screen/outMaster/memCounter[16]_i_1_n_0                                                                                                                             |                4 |             17 |         4.25 |
|  clk_IBUF_BUFG                      | screen/outMaster/flipCount                                                                   |                                                                                                                                                                     |                5 |             17 |         3.40 |
|  clk_IBUF_BUFG                      | screen/outMaster/vgaCount[18]_i_1_n_0                                                        |                                                                                                                                                                     |                4 |             18 |         4.50 |
|  clk_IBUF_BUFG                      | screen/sDesigner/CEC                                                                         |                                                                                                                                                                     |                6 |             18 |         3.00 |
|  clk_IBUF_BUFG                      | screen/outMaster/address[17]_i_1_n_0                                                         |                                                                                                                                                                     |                5 |             18 |         3.60 |
|  clk_IBUF_BUFG                      | screen/sDesigner/vData[10]_i_2_n_0                                                           |                                                                                                                                                                     |                4 |             18 |         4.50 |
|  clk_IBUF_BUFG                      | screen/dStruct/FSM_sequential_state_reg_n_0_[0]                                              |                                                                                                                                                                     |                5 |             18 |         3.60 |
|  clk_IBUF_BUFG                      | movement/accelerometer/acceleration_x[15]_i_1_n_0                                            | movement/accelerometer/spi_master/reset                                                                                                                             |                3 |             22 |         7.33 |
|  clk_IBUF_BUFG                      |                                                                                              | movement/mover/calculator/inst/i_synth/FMA_OP.OP/addsub/add/EXP/conv_exp.downsize_exp/STATE_DELAY/i_pipe/op_state[0]                                                |                6 |             22 |         3.67 |
|  clk_IBUF_BUFG                      | screen/collision/currRow                                                                     | screen/collision/currRow[27]_i_1_n_0                                                                                                                                |                6 |             23 |         3.83 |
|  clk_IBUF_BUFG                      |                                                                                              | movement/mover/converterFixed2Float/inst/i_synth/FIX_TO_FLT_OP.SPD.OP/EXP/ZERO_DELAY/i_pipe/op_state[0]                                                             |                4 |             23 |         5.75 |
|  clk_IBUF_BUFG                      | screen/outMaster/trCount[0]_i_1_n_0                                                          |                                                                                                                                                                     |                6 |             24 |         4.00 |
|  clk_IBUF_BUFG                      | screen/dStruct/E[0]                                                                          |                                                                                                                                                                     |                4 |             24 |         6.00 |
|  clk_IBUF_BUFG                      | movement/accelerometer/spi_master/counter0                                                   | movement/accelerometer/spi_master/switch_txrx0                                                                                                                      |                8 |             29 |         3.62 |
|  clk25mhz                           | screen/vga/v_rn                                                                              | screen/vga/v_rn[30]_i_1_n_0                                                                                                                                         |                8 |             30 |         3.75 |
|  clk_IBUF_BUFG                      | screen/outMaster/deadPosition[30]_i_1_n_0                                                    |                                                                                                                                                                     |               12 |             31 |         2.58 |
|  clk25mhz                           |                                                                                              | screen/vga/p_0_in                                                                                                                                                   |                9 |             31 |         3.44 |
|  clk_IBUF_BUFG                      | movement/mover/remainData[31]_i_1_n_0                                                        |                                                                                                                                                                     |                8 |             32 |         4.00 |
|  clk_IBUF_BUFG                      | movement/accelerometer/spi_master/busy_reg_1[0]                                              |                                                                                                                                                                     |               19 |             32 |         1.68 |
|  clk_IBUF_BUFG                      | movement/mover/angleValid                                                                    |                                                                                                                                                                     |                8 |             32 |         4.00 |
|  clk_IBUF_BUFG                      | screen/outMaster/timeCount                                                                   |                                                                                                                                                                     |                8 |             32 |         4.00 |
|  clk_IBUF_BUFG                      | movement/mover/remainder_0                                                                   |                                                                                                                                                                     |               11 |             32 |         2.91 |
|  clk_IBUF_BUFG                      | movement/mover/fi2flData[63]_i_2_n_0                                                         | movement/mover/fi2flData[31]_i_1_n_0                                                                                                                                |                6 |             32 |         5.33 |
|  clk_IBUF_BUFG                      | screen/dStruct/prevRow[31]_i_1_n_0                                                           |                                                                                                                                                                     |               12 |             32 |         2.67 |
|  clk_IBUF_BUFG                      |                                                                                              | movement/mover/calculator/inst/i_synth/FMA_OP.OP/addsub/add/zero_largest                                                                                            |               12 |             47 |         3.92 |
|  clk_IBUF_BUFG                      | movement/mover/remainder_0                                                                   | movement/mover/playerXX[31]_i_1_n_0                                                                                                                                 |               22 |             63 |         2.86 |
|  clk_IBUF_BUFG                      |                                                                                              | movement/mover/converterFloat2Fixed/inst/i_synth/FLT_TO_FIX_OP.SPD.OP/OP_STATE_P1_REG/i_pipe/op_state_pcntrl[0]                                                     |               11 |             63 |         5.73 |
|  clk_IBUF_BUFG                      | screen/outMaster/pixelN[5]_i_1_n_0                                                           |                                                                                                                                                                     |               22 |             67 |         3.05 |
|  clk_IBUF_BUFG                      |                                                                                              | movement/atan/cordic/U0/i_synth/i_has_aresetn.i_reg_reset/opt_has_pipe.first_q                                                                                      |               61 |            238 |         3.90 |
|  clk_IBUF_BUFG                      |                                                                                              |                                                                                                                                                                     |              398 |           1689 |         4.24 |
+-------------------------------------+----------------------------------------------------------------------------------------------+---------------------------------------------------------------------------------------------------------------------------------------------------------------------+------------------+----------------+--------------+


